The target system is: Generic - 1 - 
The host system is: Linux - 4.19.0-9-amd64 - x86_64
Compiling the C compiler identification source file "CMakeCCompilerId.c" succeeded.
Compiler: /usr/local/bin/arm-none-eabi-gcc 
Build flags: 
Id flags: -c 

The output was:
0


Compilation of the C compiler identification source "CMakeCCompilerId.c" produced "CMakeCCompilerId.o"

The C compiler identification is GNU, found in "/home/alexander/Projects/Cpp/mk_ft/cmake-build-debug/CMakeFiles/3.16.5/CompilerIdC/CMakeCCompilerId.o"

Compiling the CXX compiler identification source file "CMakeCXXCompilerId.cpp" succeeded.
Compiler: /usr/local/bin/arm-none-eabi-g++ 
Build flags: 
Id flags: -c 

The output was:
0


Compilation of the CXX compiler identification source "CMakeCXXCompilerId.cpp" produced "CMakeCXXCompilerId.o"

The CXX compiler identification is GNU, found in "/home/alexander/Projects/Cpp/mk_ft/cmake-build-debug/CMakeFiles/3.16.5/CompilerIdCXX/CMakeCXXCompilerId.o"

Checking whether the ASM compiler is GNU using "--version" matched "(GNU assembler)|(GCC)|(Free Software Foundation)":
arm-none-eabi-gcc (GNU Arm Embedded Toolchain 9-2020-q2-update) 9.3.1 20200408 (release)
Copyright (C) 2019 Free Software Foundation, Inc.
This is free software; see the source for copying conditions.  There is NO
warranty; not even for MERCHANTABILITY or FITNESS FOR A PARTICULAR PURPOSE.

Detecting C compiler ABI info compiled with the following output:
Change Dir: /home/alexander/Projects/Cpp/mk_ft/cmake-build-debug/CMakeFiles/CMakeTmp

Run Build Command(s):/usr/bin/make cmTC_aac9f/fast && /usr/bin/make -f CMakeFiles/cmTC_aac9f.dir/build.make CMakeFiles/cmTC_aac9f.dir/build
make[1]: Entering directory '/home/alexander/Projects/Cpp/mk_ft/cmake-build-debug/CMakeFiles/CMakeTmp'
Building C object CMakeFiles/cmTC_aac9f.dir/CMakeCCompilerABI.c.obj
/usr/local/bin/arm-none-eabi-gcc   -mcpu=cortex-m3  -mthumb -mthumb-interwork -ffunction-sections -fdata-sections     -g -fno-common -fmessage-length=0  -std=gnu99    -v -o CMakeFiles/cmTC_aac9f.dir/CMakeCCompilerABI.c.obj   -c /opt/clion-2020.1.2/bin/cmake/linux/share/cmake-3.16/Modules/CMakeCCompilerABI.c
Using built-in specs.
COLLECT_GCC=/usr/local/bin/arm-none-eabi-gcc
Target: arm-none-eabi
Configured with: /mnt/workspace/workspace/GCC-9-pipeline/jenkins-GCC-9-pipeline-200_20200521_1590053374/src/gcc/configure --target=arm-none-eabi --prefix=/mnt/workspace/workspace/GCC-9-pipeline/jenkins-GCC-9-pipeline-200_20200521_1590053374/install-native --libexecdir=/mnt/workspace/workspace/GCC-9-pipeline/jenkins-GCC-9-pipeline-200_20200521_1590053374/install-native/lib --infodir=/mnt/workspace/workspace/GCC-9-pipeline/jenkins-GCC-9-pipeline-200_20200521_1590053374/install-native/share/doc/gcc-arm-none-eabi/info --mandir=/mnt/workspace/workspace/GCC-9-pipeline/jenkins-GCC-9-pipeline-200_20200521_1590053374/install-native/share/doc/gcc-arm-none-eabi/man --htmldir=/mnt/workspace/workspace/GCC-9-pipeline/jenkins-GCC-9-pipeline-200_20200521_1590053374/install-native/share/doc/gcc-arm-none-eabi/html --pdfdir=/mnt/workspace/workspace/GCC-9-pipeline/jenkins-GCC-9-pipeline-200_20200521_1590053374/install-native/share/doc/gcc-arm-none-eabi/pdf --enable-languages=c,c++ --enable-plugins --disable-decimal-float --disable-libffi --disable-libgomp --disable-libmudflap --disable-libquadmath --disable-libssp --disable-libstdcxx-pch --disable-nls --disable-shared --disable-threads --disable-tls --with-gnu-as --with-gnu-ld --with-newlib --with-headers=yes --with-python-dir=share/gcc-arm-none-eabi --with-sysroot=/mnt/workspace/workspace/GCC-9-pipeline/jenkins-GCC-9-pipeline-200_20200521_1590053374/install-native/arm-none-eabi --build=x86_64-linux-gnu --host=x86_64-linux-gnu --with-gmp=/mnt/workspace/workspace/GCC-9-pipeline/jenkins-GCC-9-pipeline-200_20200521_1590053374/build-native/host-libs/usr --with-mpfr=/mnt/workspace/workspace/GCC-9-pipeline/jenkins-GCC-9-pipeline-200_20200521_1590053374/build-native/host-libs/usr --with-mpc=/mnt/workspace/workspace/GCC-9-pipeline/jenkins-GCC-9-pipeline-200_20200521_1590053374/build-native/host-libs/usr --with-isl=/mnt/workspace/workspace/GCC-9-pipeline/jenkins-GCC-9-pipeline-200_20200521_1590053374/build-native/host-libs/usr --with-libelf=/mnt/workspace/workspace/GCC-9-pipeline/jenkins-GCC-9-pipeline-200_20200521_1590053374/build-native/host-libs/usr --with-host-libstdcxx='-static-libgcc -Wl,-Bstatic,-lstdc++,-Bdynamic -lm' --with-pkgversion='GNU Arm Embedded Toolchain 9-2020-q2-update' --with-multilib-list=rmprofile,aprofile
Thread model: single
gcc version 9.3.1 20200408 (release) (GNU Arm Embedded Toolchain 9-2020-q2-update) 
COLLECT_GCC_OPTIONS='-mcpu=cortex-m3' '-mthumb' '-mthumb-interwork' '-ffunction-sections' '-fdata-sections' '-g' '-fno-common' '-fmessage-length=0' '-std=gnu99' '-v' '-o' 'CMakeFiles/cmTC_aac9f.dir/CMakeCCompilerABI.c.obj' '-c' '-mfloat-abi=soft' '-march=armv7-m'
 /home/alexander/Downloads/Temp/gcc-arm-none-eabi-9-2020-q2-update/bin/../lib/gcc/arm-none-eabi/9.3.1/cc1 -quiet -v -imultilib thumb/v7-m/nofp -iprefix /home/alexander/Downloads/Temp/gcc-arm-none-eabi-9-2020-q2-update/bin/../lib/gcc/arm-none-eabi/9.3.1/ -isysroot /home/alexander/Downloads/Temp/gcc-arm-none-eabi-9-2020-q2-update/bin/../arm-none-eabi -D__USES_INITFINI__ /opt/clion-2020.1.2/bin/cmake/linux/share/cmake-3.16/Modules/CMakeCCompilerABI.c -quiet -dumpbase CMakeCCompilerABI.c -mcpu=cortex-m3 -mthumb -mthumb-interwork -mfloat-abi=soft -march=armv7-m -auxbase-strip CMakeFiles/cmTC_aac9f.dir/CMakeCCompilerABI.c.obj -g -std=gnu99 -version -ffunction-sections -fdata-sections -fno-common -fmessage-length=0 -o /tmp/ccP9gvM9.s
GNU C99 (GNU Arm Embedded Toolchain 9-2020-q2-update) version 9.3.1 20200408 (release) (arm-none-eabi)
	compiled by GNU C version 4.8.4, GMP version 6.1.0, MPFR version 3.1.4, MPC version 1.0.3, isl version isl-0.18-GMP

GGC heuristics: --param ggc-min-expand=100 --param ggc-min-heapsize=131072
ignoring duplicate directory "/home/alexander/Downloads/Temp/gcc-arm-none-eabi-9-2020-q2-update/bin/../lib/gcc/../../lib/gcc/arm-none-eabi/9.3.1/include"
ignoring nonexistent directory "/home/alexander/Downloads/Temp/gcc-arm-none-eabi-9-2020-q2-update/bin/../arm-none-eabi/usr/local/include"
ignoring duplicate directory "/home/alexander/Downloads/Temp/gcc-arm-none-eabi-9-2020-q2-update/bin/../lib/gcc/../../lib/gcc/arm-none-eabi/9.3.1/include-fixed"
ignoring duplicate directory "/home/alexander/Downloads/Temp/gcc-arm-none-eabi-9-2020-q2-update/bin/../lib/gcc/../../lib/gcc/arm-none-eabi/9.3.1/../../../../arm-none-eabi/include"
ignoring nonexistent directory "/home/alexander/Downloads/Temp/gcc-arm-none-eabi-9-2020-q2-update/bin/../arm-none-eabi/usr/include"
#include "..." search starts here:
#include <...> search starts here:
 /home/alexander/Downloads/Temp/gcc-arm-none-eabi-9-2020-q2-update/bin/../lib/gcc/arm-none-eabi/9.3.1/include
 /home/alexander/Downloads/Temp/gcc-arm-none-eabi-9-2020-q2-update/bin/../lib/gcc/arm-none-eabi/9.3.1/include-fixed
 /home/alexander/Downloads/Temp/gcc-arm-none-eabi-9-2020-q2-update/bin/../lib/gcc/arm-none-eabi/9.3.1/../../../../arm-none-eabi/include
End of search list.
GNU C99 (GNU Arm Embedded Toolchain 9-2020-q2-update) version 9.3.1 20200408 (release) (arm-none-eabi)
	compiled by GNU C version 4.8.4, GMP version 6.1.0, MPFR version 3.1.4, MPC version 1.0.3, isl version isl-0.18-GMP

GGC heuristics: --param ggc-min-expand=100 --param ggc-min-heapsize=131072
Compiler executable checksum: 17f1e178bf798cb7013d26242c30c1f0
COLLECT_GCC_OPTIONS='-mcpu=cortex-m3' '-mthumb' '-mthumb-interwork' '-ffunction-sections' '-fdata-sections' '-g' '-fno-common' '-fmessage-length=0' '-std=gnu99' '-v' '-o' 'CMakeFiles/cmTC_aac9f.dir/CMakeCCompilerABI.c.obj' '-c' '-mfloat-abi=soft' '-march=armv7-m'
 /home/alexander/Downloads/Temp/gcc-arm-none-eabi-9-2020-q2-update/bin/../lib/gcc/arm-none-eabi/9.3.1/../../../../arm-none-eabi/bin/as -v -march=armv7-m -mthumb-interwork -mfloat-abi=soft -meabi=5 -o CMakeFiles/cmTC_aac9f.dir/CMakeCCompilerABI.c.obj /tmp/ccP9gvM9.s
GNU assembler version 2.34.0 (arm-none-eabi) using BFD version (GNU Arm Embedded Toolchain 9-2020-q2-update) 2.34.0.20200428
COMPILER_PATH=/home/alexander/Downloads/Temp/gcc-arm-none-eabi-9-2020-q2-update/bin/../lib/gcc/arm-none-eabi/9.3.1/:/home/alexander/Downloads/Temp/gcc-arm-none-eabi-9-2020-q2-update/bin/../lib/gcc/:/home/alexander/Downloads/Temp/gcc-arm-none-eabi-9-2020-q2-update/bin/../lib/gcc/arm-none-eabi/9.3.1/../../../../arm-none-eabi/bin/
LIBRARY_PATH=/home/alexander/Downloads/Temp/gcc-arm-none-eabi-9-2020-q2-update/bin/../lib/gcc/arm-none-eabi/9.3.1/thumb/v7-m/nofp/:/home/alexander/Downloads/Temp/gcc-arm-none-eabi-9-2020-q2-update/bin/../lib/gcc/arm-none-eabi/9.3.1/../../../../arm-none-eabi/lib/thumb/v7-m/nofp/:/home/alexander/Downloads/Temp/gcc-arm-none-eabi-9-2020-q2-update/bin/../arm-none-eabi/lib/thumb/v7-m/nofp/:/home/alexander/Downloads/Temp/gcc-arm-none-eabi-9-2020-q2-update/bin/../lib/gcc/arm-none-eabi/9.3.1/:/home/alexander/Downloads/Temp/gcc-arm-none-eabi-9-2020-q2-update/bin/../lib/gcc/:/home/alexander/Downloads/Temp/gcc-arm-none-eabi-9-2020-q2-update/bin/../lib/gcc/arm-none-eabi/9.3.1/../../../../arm-none-eabi/lib/:/home/alexander/Downloads/Temp/gcc-arm-none-eabi-9-2020-q2-update/bin/../arm-none-eabi/lib/
COLLECT_GCC_OPTIONS='-mcpu=cortex-m3' '-mthumb' '-mthumb-interwork' '-ffunction-sections' '-fdata-sections' '-g' '-fno-common' '-fmessage-length=0' '-std=gnu99' '-v' '-o' 'CMakeFiles/cmTC_aac9f.dir/CMakeCCompilerABI.c.obj' '-c' '-mfloat-abi=soft' '-march=armv7-m'
Linking C executable cmTC_aac9f
/opt/clion-2020.1.2/bin/cmake/linux/bin/cmake -E cmake_link_script CMakeFiles/cmTC_aac9f.dir/link.txt --verbose=1
/usr/local/bin/arm-none-eabi-gcc -mcpu=cortex-m3  -mthumb -mthumb-interwork -ffunction-sections -fdata-sections     -g -fno-common -fmessage-length=0  -std=gnu99   -Wl,-gc-sections,--print-memory-usage -T /home/alexander/Projects/Cpp/mk_ft/STM32F103C8TX_FLASH.ld -v CMakeFiles/cmTC_aac9f.dir/CMakeCCompilerABI.c.obj  -o cmTC_aac9f 
Using built-in specs.
COLLECT_GCC=/usr/local/bin/arm-none-eabi-gcc
COLLECT_LTO_WRAPPER=/home/alexander/Downloads/Temp/gcc-arm-none-eabi-9-2020-q2-update/bin/../lib/gcc/arm-none-eabi/9.3.1/lto-wrapper
Target: arm-none-eabi
Configured with: /mnt/workspace/workspace/GCC-9-pipeline/jenkins-GCC-9-pipeline-200_20200521_1590053374/src/gcc/configure --target=arm-none-eabi --prefix=/mnt/workspace/workspace/GCC-9-pipeline/jenkins-GCC-9-pipeline-200_20200521_1590053374/install-native --libexecdir=/mnt/workspace/workspace/GCC-9-pipeline/jenkins-GCC-9-pipeline-200_20200521_1590053374/install-native/lib --infodir=/mnt/workspace/workspace/GCC-9-pipeline/jenkins-GCC-9-pipeline-200_20200521_1590053374/install-native/share/doc/gcc-arm-none-eabi/info --mandir=/mnt/workspace/workspace/GCC-9-pipeline/jenkins-GCC-9-pipeline-200_20200521_1590053374/install-native/share/doc/gcc-arm-none-eabi/man --htmldir=/mnt/workspace/workspace/GCC-9-pipeline/jenkins-GCC-9-pipeline-200_20200521_1590053374/install-native/share/doc/gcc-arm-none-eabi/html --pdfdir=/mnt/workspace/workspace/GCC-9-pipeline/jenkins-GCC-9-pipeline-200_20200521_1590053374/install-native/share/doc/gcc-arm-none-eabi/pdf --enable-languages=c,c++ --enable-plugins --disable-decimal-float --disable-libffi --disable-libgomp --disable-libmudflap --disable-libquadmath --disable-libssp --disable-libstdcxx-pch --disable-nls --disable-shared --disable-threads --disable-tls --with-gnu-as --with-gnu-ld --with-newlib --with-headers=yes --with-python-dir=share/gcc-arm-none-eabi --with-sysroot=/mnt/workspace/workspace/GCC-9-pipeline/jenkins-GCC-9-pipeline-200_20200521_1590053374/install-native/arm-none-eabi --build=x86_64-linux-gnu --host=x86_64-linux-gnu --with-gmp=/mnt/workspace/workspace/GCC-9-pipeline/jenkins-GCC-9-pipeline-200_20200521_1590053374/build-native/host-libs/usr --with-mpfr=/mnt/workspace/workspace/GCC-9-pipeline/jenkins-GCC-9-pipeline-200_20200521_1590053374/build-native/host-libs/usr --with-mpc=/mnt/workspace/workspace/GCC-9-pipeline/jenkins-GCC-9-pipeline-200_20200521_1590053374/build-native/host-libs/usr --with-isl=/mnt/workspace/workspace/GCC-9-pipeline/jenkins-GCC-9-pipeline-200_20200521_1590053374/build-native/host-libs/usr --with-libelf=/mnt/workspace/workspace/GCC-9-pipeline/jenkins-GCC-9-pipeline-200_20200521_1590053374/build-native/host-libs/usr --with-host-libstdcxx='-static-libgcc -Wl,-Bstatic,-lstdc++,-Bdynamic -lm' --with-pkgversion='GNU Arm Embedded Toolchain 9-2020-q2-update' --with-multilib-list=rmprofile,aprofile
Thread model: single
gcc version 9.3.1 20200408 (release) (GNU Arm Embedded Toolchain 9-2020-q2-update) 
COMPILER_PATH=/home/alexander/Downloads/Temp/gcc-arm-none-eabi-9-2020-q2-update/bin/../lib/gcc/arm-none-eabi/9.3.1/:/home/alexander/Downloads/Temp/gcc-arm-none-eabi-9-2020-q2-update/bin/../lib/gcc/:/home/alexander/Downloads/Temp/gcc-arm-none-eabi-9-2020-q2-update/bin/../lib/gcc/arm-none-eabi/9.3.1/../../../../arm-none-eabi/bin/
LIBRARY_PATH=/home/alexander/Downloads/Temp/gcc-arm-none-eabi-9-2020-q2-update/bin/../lib/gcc/arm-none-eabi/9.3.1/thumb/v7-m/nofp/:/home/alexander/Downloads/Temp/gcc-arm-none-eabi-9-2020-q2-update/bin/../lib/gcc/arm-none-eabi/9.3.1/../../../../arm-none-eabi/lib/thumb/v7-m/nofp/:/home/alexander/Downloads/Temp/gcc-arm-none-eabi-9-2020-q2-update/bin/../arm-none-eabi/lib/thumb/v7-m/nofp/:/home/alexander/Downloads/Temp/gcc-arm-none-eabi-9-2020-q2-update/bin/../lib/gcc/arm-none-eabi/9.3.1/:/home/alexander/Downloads/Temp/gcc-arm-none-eabi-9-2020-q2-update/bin/../lib/gcc/:/home/alexander/Downloads/Temp/gcc-arm-none-eabi-9-2020-q2-update/bin/../lib/gcc/arm-none-eabi/9.3.1/../../../../arm-none-eabi/lib/:/home/alexander/Downloads/Temp/gcc-arm-none-eabi-9-2020-q2-update/bin/../arm-none-eabi/lib/
COLLECT_GCC_OPTIONS='-mcpu=cortex-m3' '-mthumb' '-mthumb-interwork' '-ffunction-sections' '-fdata-sections' '-g' '-fno-common' '-fmessage-length=0' '-std=gnu99' '-T' '/home/alexander/Projects/Cpp/mk_ft/STM32F103C8TX_FLASH.ld' '-v' '-o' 'cmTC_aac9f' '-mfloat-abi=soft' '-march=armv7-m'
 /home/alexander/Downloads/Temp/gcc-arm-none-eabi-9-2020-q2-update/bin/../lib/gcc/arm-none-eabi/9.3.1/collect2 -plugin /home/alexander/Downloads/Temp/gcc-arm-none-eabi-9-2020-q2-update/bin/../lib/gcc/arm-none-eabi/9.3.1/liblto_plugin.so -plugin-opt=/home/alexander/Downloads/Temp/gcc-arm-none-eabi-9-2020-q2-update/bin/../lib/gcc/arm-none-eabi/9.3.1/lto-wrapper -plugin-opt=-fresolution=/tmp/cclNd1ce.res -plugin-opt=-pass-through=-lgcc -plugin-opt=-pass-through=-lg -plugin-opt=-pass-through=-lc --sysroot=/home/alexander/Downloads/Temp/gcc-arm-none-eabi-9-2020-q2-update/bin/../arm-none-eabi -X -o cmTC_aac9f /home/alexander/Downloads/Temp/gcc-arm-none-eabi-9-2020-q2-update/bin/../lib/gcc/arm-none-eabi/9.3.1/thumb/v7-m/nofp/crti.o /home/alexander/Downloads/Temp/gcc-arm-none-eabi-9-2020-q2-update/bin/../lib/gcc/arm-none-eabi/9.3.1/thumb/v7-m/nofp/crtbegin.o /home/alexander/Downloads/Temp/gcc-arm-none-eabi-9-2020-q2-update/bin/../lib/gcc/arm-none-eabi/9.3.1/../../../../arm-none-eabi/lib/thumb/v7-m/nofp/crt0.o -L/home/alexander/Downloads/Temp/gcc-arm-none-eabi-9-2020-q2-update/bin/../lib/gcc/arm-none-eabi/9.3.1/thumb/v7-m/nofp -L/home/alexander/Downloads/Temp/gcc-arm-none-eabi-9-2020-q2-update/bin/../lib/gcc/arm-none-eabi/9.3.1/../../../../arm-none-eabi/lib/thumb/v7-m/nofp -L/home/alexander/Downloads/Temp/gcc-arm-none-eabi-9-2020-q2-update/bin/../arm-none-eabi/lib/thumb/v7-m/nofp -L/home/alexander/Downloads/Temp/gcc-arm-none-eabi-9-2020-q2-update/bin/../lib/gcc/arm-none-eabi/9.3.1 -L/home/alexander/Downloads/Temp/gcc-arm-none-eabi-9-2020-q2-update/bin/../lib/gcc -L/home/alexander/Downloads/Temp/gcc-arm-none-eabi-9-2020-q2-update/bin/../lib/gcc/arm-none-eabi/9.3.1/../../../../arm-none-eabi/lib -L/home/alexander/Downloads/Temp/gcc-arm-none-eabi-9-2020-q2-update/bin/../arm-none-eabi/lib -gc-sections --print-memory-usage CMakeFiles/cmTC_aac9f.dir/CMakeCCompilerABI.c.obj --start-group -lgcc -lg -lc --end-group /home/alexander/Downloads/Temp/gcc-arm-none-eabi-9-2020-q2-update/bin/../lib/gcc/arm-none-eabi/9.3.1/thumb/v7-m/nofp/crtend.o /home/alexander/Downloads/Temp/gcc-arm-none-eabi-9-2020-q2-update/bin/../lib/gcc/arm-none-eabi/9.3.1/thumb/v7-m/nofp/crtn.o -T /home/alexander/Projects/Cpp/mk_ft/STM32F103C8TX_FLASH.ld
Memory region         Used Size  Region Size  %age Used
             RAM:        2672 B        20 KB     13.05%
           FLASH:        1396 B        64 KB      2.13/home/alexander/Downloads/Temp/gcc-arm-none-eabi-9-2020-q2-update/bin/../lib/gcc/arm-none-eabi/9.3.1/../../../../arm-none-eabi/bin/ld: warning: cannot find entry symbol Reset_Handler; defaulting to 0000000008000000
%
COLLECT_GCC_OPTIONS='-mcpu=cortex-m3' '-mthumb' '-mthumb-interwork' '-ffunction-sections' '-fdata-sections' '-g' '-fno-common' '-fmessage-length=0' '-std=gnu99' '-T' '/home/alexander/Projects/Cpp/mk_ft/STM32F103C8TX_FLASH.ld' '-v' '-o' 'cmTC_aac9f' '-mfloat-abi=soft' '-march=armv7-m'
make[1]: Leaving directory '/home/alexander/Projects/Cpp/mk_ft/cmake-build-debug/CMakeFiles/CMakeTmp'



Parsed C implicit include dir info from above output: rv=done
  found start of include info
  found start of implicit include info
    add: [/home/alexander/Downloads/Temp/gcc-arm-none-eabi-9-2020-q2-update/bin/../lib/gcc/arm-none-eabi/9.3.1/include]
    add: [/home/alexander/Downloads/Temp/gcc-arm-none-eabi-9-2020-q2-update/bin/../lib/gcc/arm-none-eabi/9.3.1/include-fixed]
    add: [/home/alexander/Downloads/Temp/gcc-arm-none-eabi-9-2020-q2-update/bin/../lib/gcc/arm-none-eabi/9.3.1/../../../../arm-none-eabi/include]
  end of search list found
  collapse include dir [/home/alexander/Downloads/Temp/gcc-arm-none-eabi-9-2020-q2-update/bin/../lib/gcc/arm-none-eabi/9.3.1/include] ==> [/home/alexander/Downloads/Temp/gcc-arm-none-eabi-9-2020-q2-update/lib/gcc/arm-none-eabi/9.3.1/include]
  collapse include dir [/home/alexander/Downloads/Temp/gcc-arm-none-eabi-9-2020-q2-update/bin/../lib/gcc/arm-none-eabi/9.3.1/include-fixed] ==> [/home/alexander/Downloads/Temp/gcc-arm-none-eabi-9-2020-q2-update/lib/gcc/arm-none-eabi/9.3.1/include-fixed]
  collapse include dir [/home/alexander/Downloads/Temp/gcc-arm-none-eabi-9-2020-q2-update/bin/../lib/gcc/arm-none-eabi/9.3.1/../../../../arm-none-eabi/include] ==> [/home/alexander/Downloads/Temp/gcc-arm-none-eabi-9-2020-q2-update/arm-none-eabi/include]
  implicit include dirs: [/home/alexander/Downloads/Temp/gcc-arm-none-eabi-9-2020-q2-update/lib/gcc/arm-none-eabi/9.3.1/include;/home/alexander/Downloads/Temp/gcc-arm-none-eabi-9-2020-q2-update/lib/gcc/arm-none-eabi/9.3.1/include-fixed;/home/alexander/Downloads/Temp/gcc-arm-none-eabi-9-2020-q2-update/arm-none-eabi/include]


Parsed C implicit link information from above output:
  link line regex: [^( *|.*[/\])(CMAKE_LINKER-NOTFOUND|CMAKE_LINK_STARTFILE-NOTFOUND|([^/\]+-)?ld|collect2)[^/\]*( |$)]
  ignore line: [Change Dir: /home/alexander/Projects/Cpp/mk_ft/cmake-build-debug/CMakeFiles/CMakeTmp]
  ignore line: []
  ignore line: [Run Build Command(s):/usr/bin/make cmTC_aac9f/fast && /usr/bin/make -f CMakeFiles/cmTC_aac9f.dir/build.make CMakeFiles/cmTC_aac9f.dir/build]
  ignore line: [make[1]: Entering directory '/home/alexander/Projects/Cpp/mk_ft/cmake-build-debug/CMakeFiles/CMakeTmp']
  ignore line: [Building C object CMakeFiles/cmTC_aac9f.dir/CMakeCCompilerABI.c.obj]
  ignore line: [/usr/local/bin/arm-none-eabi-gcc   -mcpu=cortex-m3  -mthumb -mthumb-interwork -ffunction-sections -fdata-sections     -g -fno-common -fmessage-length=0  -std=gnu99    -v -o CMakeFiles/cmTC_aac9f.dir/CMakeCCompilerABI.c.obj   -c /opt/clion-2020.1.2/bin/cmake/linux/share/cmake-3.16/Modules/CMakeCCompilerABI.c]
  ignore line: [Using built-in specs.]
  ignore line: [COLLECT_GCC=/usr/local/bin/arm-none-eabi-gcc]
  ignore line: [Target: arm-none-eabi]
  ignore line: [Configured with: /mnt/workspace/workspace/GCC-9-pipeline/jenkins-GCC-9-pipeline-200_20200521_1590053374/src/gcc/configure --target=arm-none-eabi --prefix=/mnt/workspace/workspace/GCC-9-pipeline/jenkins-GCC-9-pipeline-200_20200521_1590053374/install-native --libexecdir=/mnt/workspace/workspace/GCC-9-pipeline/jenkins-GCC-9-pipeline-200_20200521_1590053374/install-native/lib --infodir=/mnt/workspace/workspace/GCC-9-pipeline/jenkins-GCC-9-pipeline-200_20200521_1590053374/install-native/share/doc/gcc-arm-none-eabi/info --mandir=/mnt/workspace/workspace/GCC-9-pipeline/jenkins-GCC-9-pipeline-200_20200521_1590053374/install-native/share/doc/gcc-arm-none-eabi/man --htmldir=/mnt/workspace/workspace/GCC-9-pipeline/jenkins-GCC-9-pipeline-200_20200521_1590053374/install-native/share/doc/gcc-arm-none-eabi/html --pdfdir=/mnt/workspace/workspace/GCC-9-pipeline/jenkins-GCC-9-pipeline-200_20200521_1590053374/install-native/share/doc/gcc-arm-none-eabi/pdf --enable-languages=c,c++ --enable-plugins --disable-decimal-float --disable-libffi --disable-libgomp --disable-libmudflap --disable-libquadmath --disable-libssp --disable-libstdcxx-pch --disable-nls --disable-shared --disable-threads --disable-tls --with-gnu-as --with-gnu-ld --with-newlib --with-headers=yes --with-python-dir=share/gcc-arm-none-eabi --with-sysroot=/mnt/workspace/workspace/GCC-9-pipeline/jenkins-GCC-9-pipeline-200_20200521_1590053374/install-native/arm-none-eabi --build=x86_64-linux-gnu --host=x86_64-linux-gnu --with-gmp=/mnt/workspace/workspace/GCC-9-pipeline/jenkins-GCC-9-pipeline-200_20200521_1590053374/build-native/host-libs/usr --with-mpfr=/mnt/workspace/workspace/GCC-9-pipeline/jenkins-GCC-9-pipeline-200_20200521_1590053374/build-native/host-libs/usr --with-mpc=/mnt/workspace/workspace/GCC-9-pipeline/jenkins-GCC-9-pipeline-200_20200521_1590053374/build-native/host-libs/usr --with-isl=/mnt/workspace/workspace/GCC-9-pipeline/jenkins-GCC-9-pipeline-200_20200521_1590053374/build-native/host-libs/usr --with-libelf=/mnt/workspace/workspace/GCC-9-pipeline/jenkins-GCC-9-pipeline-200_20200521_1590053374/build-native/host-libs/usr --with-host-libstdcxx='-static-libgcc -Wl,-Bstatic,-lstdc++,-Bdynamic -lm' --with-pkgversion='GNU Arm Embedded Toolchain 9-2020-q2-update' --with-multilib-list=rmprofile,aprofile]
  ignore line: [Thread model: single]
  ignore line: [gcc version 9.3.1 20200408 (release) (GNU Arm Embedded Toolchain 9-2020-q2-update) ]
  ignore line: [COLLECT_GCC_OPTIONS='-mcpu=cortex-m3' '-mthumb' '-mthumb-interwork' '-ffunction-sections' '-fdata-sections' '-g' '-fno-common' '-fmessage-length=0' '-std=gnu99' '-v' '-o' 'CMakeFiles/cmTC_aac9f.dir/CMakeCCompilerABI.c.obj' '-c' '-mfloat-abi=soft' '-march=armv7-m']
  ignore line: [ /home/alexander/Downloads/Temp/gcc-arm-none-eabi-9-2020-q2-update/bin/../lib/gcc/arm-none-eabi/9.3.1/cc1 -quiet -v -imultilib thumb/v7-m/nofp -iprefix /home/alexander/Downloads/Temp/gcc-arm-none-eabi-9-2020-q2-update/bin/../lib/gcc/arm-none-eabi/9.3.1/ -isysroot /home/alexander/Downloads/Temp/gcc-arm-none-eabi-9-2020-q2-update/bin/../arm-none-eabi -D__USES_INITFINI__ /opt/clion-2020.1.2/bin/cmake/linux/share/cmake-3.16/Modules/CMakeCCompilerABI.c -quiet -dumpbase CMakeCCompilerABI.c -mcpu=cortex-m3 -mthumb -mthumb-interwork -mfloat-abi=soft -march=armv7-m -auxbase-strip CMakeFiles/cmTC_aac9f.dir/CMakeCCompilerABI.c.obj -g -std=gnu99 -version -ffunction-sections -fdata-sections -fno-common -fmessage-length=0 -o /tmp/ccP9gvM9.s]
  ignore line: [GNU C99 (GNU Arm Embedded Toolchain 9-2020-q2-update) version 9.3.1 20200408 (release) (arm-none-eabi)]
  ignore line: [	compiled by GNU C version 4.8.4  GMP version 6.1.0  MPFR version 3.1.4  MPC version 1.0.3  isl version isl-0.18-GMP]
  ignore line: []
  ignore line: [GGC heuristics: --param ggc-min-expand=100 --param ggc-min-heapsize=131072]
  ignore line: [ignoring duplicate directory "/home/alexander/Downloads/Temp/gcc-arm-none-eabi-9-2020-q2-update/bin/../lib/gcc/../../lib/gcc/arm-none-eabi/9.3.1/include"]
  ignore line: [ignoring nonexistent directory "/home/alexander/Downloads/Temp/gcc-arm-none-eabi-9-2020-q2-update/bin/../arm-none-eabi/usr/local/include"]
  ignore line: [ignoring duplicate directory "/home/alexander/Downloads/Temp/gcc-arm-none-eabi-9-2020-q2-update/bin/../lib/gcc/../../lib/gcc/arm-none-eabi/9.3.1/include-fixed"]
  ignore line: [ignoring duplicate directory "/home/alexander/Downloads/Temp/gcc-arm-none-eabi-9-2020-q2-update/bin/../lib/gcc/../../lib/gcc/arm-none-eabi/9.3.1/../../../../arm-none-eabi/include"]
  ignore line: [ignoring nonexistent directory "/home/alexander/Downloads/Temp/gcc-arm-none-eabi-9-2020-q2-update/bin/../arm-none-eabi/usr/include"]
  ignore line: [#include "..." search starts here:]
  ignore line: [#include <...> search starts here:]
  ignore line: [ /home/alexander/Downloads/Temp/gcc-arm-none-eabi-9-2020-q2-update/bin/../lib/gcc/arm-none-eabi/9.3.1/include]
  ignore line: [ /home/alexander/Downloads/Temp/gcc-arm-none-eabi-9-2020-q2-update/bin/../lib/gcc/arm-none-eabi/9.3.1/include-fixed]
  ignore line: [ /home/alexander/Downloads/Temp/gcc-arm-none-eabi-9-2020-q2-update/bin/../lib/gcc/arm-none-eabi/9.3.1/../../../../arm-none-eabi/include]
  ignore line: [End of search list.]
  ignore line: [GNU C99 (GNU Arm Embedded Toolchain 9-2020-q2-update) version 9.3.1 20200408 (release) (arm-none-eabi)]
  ignore line: [	compiled by GNU C version 4.8.4  GMP version 6.1.0  MPFR version 3.1.4  MPC version 1.0.3  isl version isl-0.18-GMP]
  ignore line: []
  ignore line: [GGC heuristics: --param ggc-min-expand=100 --param ggc-min-heapsize=131072]
  ignore line: [Compiler executable checksum: 17f1e178bf798cb7013d26242c30c1f0]
  ignore line: [COLLECT_GCC_OPTIONS='-mcpu=cortex-m3' '-mthumb' '-mthumb-interwork' '-ffunction-sections' '-fdata-sections' '-g' '-fno-common' '-fmessage-length=0' '-std=gnu99' '-v' '-o' 'CMakeFiles/cmTC_aac9f.dir/CMakeCCompilerABI.c.obj' '-c' '-mfloat-abi=soft' '-march=armv7-m']
  ignore line: [ /home/alexander/Downloads/Temp/gcc-arm-none-eabi-9-2020-q2-update/bin/../lib/gcc/arm-none-eabi/9.3.1/../../../../arm-none-eabi/bin/as -v -march=armv7-m -mthumb-interwork -mfloat-abi=soft -meabi=5 -o CMakeFiles/cmTC_aac9f.dir/CMakeCCompilerABI.c.obj /tmp/ccP9gvM9.s]
  ignore line: [GNU assembler version 2.34.0 (arm-none-eabi) using BFD version (GNU Arm Embedded Toolchain 9-2020-q2-update) 2.34.0.20200428]
  ignore line: [COMPILER_PATH=/home/alexander/Downloads/Temp/gcc-arm-none-eabi-9-2020-q2-update/bin/../lib/gcc/arm-none-eabi/9.3.1/:/home/alexander/Downloads/Temp/gcc-arm-none-eabi-9-2020-q2-update/bin/../lib/gcc/:/home/alexander/Downloads/Temp/gcc-arm-none-eabi-9-2020-q2-update/bin/../lib/gcc/arm-none-eabi/9.3.1/../../../../arm-none-eabi/bin/]
  ignore line: [LIBRARY_PATH=/home/alexander/Downloads/Temp/gcc-arm-none-eabi-9-2020-q2-update/bin/../lib/gcc/arm-none-eabi/9.3.1/thumb/v7-m/nofp/:/home/alexander/Downloads/Temp/gcc-arm-none-eabi-9-2020-q2-update/bin/../lib/gcc/arm-none-eabi/9.3.1/../../../../arm-none-eabi/lib/thumb/v7-m/nofp/:/home/alexander/Downloads/Temp/gcc-arm-none-eabi-9-2020-q2-update/bin/../arm-none-eabi/lib/thumb/v7-m/nofp/:/home/alexander/Downloads/Temp/gcc-arm-none-eabi-9-2020-q2-update/bin/../lib/gcc/arm-none-eabi/9.3.1/:/home/alexander/Downloads/Temp/gcc-arm-none-eabi-9-2020-q2-update/bin/../lib/gcc/:/home/alexander/Downloads/Temp/gcc-arm-none-eabi-9-2020-q2-update/bin/../lib/gcc/arm-none-eabi/9.3.1/../../../../arm-none-eabi/lib/:/home/alexander/Downloads/Temp/gcc-arm-none-eabi-9-2020-q2-update/bin/../arm-none-eabi/lib/]
  ignore line: [COLLECT_GCC_OPTIONS='-mcpu=cortex-m3' '-mthumb' '-mthumb-interwork' '-ffunction-sections' '-fdata-sections' '-g' '-fno-common' '-fmessage-length=0' '-std=gnu99' '-v' '-o' 'CMakeFiles/cmTC_aac9f.dir/CMakeCCompilerABI.c.obj' '-c' '-mfloat-abi=soft' '-march=armv7-m']
  ignore line: [Linking C executable cmTC_aac9f]
  ignore line: [/opt/clion-2020.1.2/bin/cmake/linux/bin/cmake -E cmake_link_script CMakeFiles/cmTC_aac9f.dir/link.txt --verbose=1]
  ignore line: [/usr/local/bin/arm-none-eabi-gcc -mcpu=cortex-m3  -mthumb -mthumb-interwork -ffunction-sections -fdata-sections     -g -fno-common -fmessage-length=0  -std=gnu99   -Wl -gc-sections --print-memory-usage -T /home/alexander/Projects/Cpp/mk_ft/STM32F103C8TX_FLASH.ld -v CMakeFiles/cmTC_aac9f.dir/CMakeCCompilerABI.c.obj  -o cmTC_aac9f ]
  ignore line: [Using built-in specs.]
  ignore line: [COLLECT_GCC=/usr/local/bin/arm-none-eabi-gcc]
  ignore line: [COLLECT_LTO_WRAPPER=/home/alexander/Downloads/Temp/gcc-arm-none-eabi-9-2020-q2-update/bin/../lib/gcc/arm-none-eabi/9.3.1/lto-wrapper]
  ignore line: [Target: arm-none-eabi]
  ignore line: [Configured with: /mnt/workspace/workspace/GCC-9-pipeline/jenkins-GCC-9-pipeline-200_20200521_1590053374/src/gcc/configure --target=arm-none-eabi --prefix=/mnt/workspace/workspace/GCC-9-pipeline/jenkins-GCC-9-pipeline-200_20200521_1590053374/install-native --libexecdir=/mnt/workspace/workspace/GCC-9-pipeline/jenkins-GCC-9-pipeline-200_20200521_1590053374/install-native/lib --infodir=/mnt/workspace/workspace/GCC-9-pipeline/jenkins-GCC-9-pipeline-200_20200521_1590053374/install-native/share/doc/gcc-arm-none-eabi/info --mandir=/mnt/workspace/workspace/GCC-9-pipeline/jenkins-GCC-9-pipeline-200_20200521_1590053374/install-native/share/doc/gcc-arm-none-eabi/man --htmldir=/mnt/workspace/workspace/GCC-9-pipeline/jenkins-GCC-9-pipeline-200_20200521_1590053374/install-native/share/doc/gcc-arm-none-eabi/html --pdfdir=/mnt/workspace/workspace/GCC-9-pipeline/jenkins-GCC-9-pipeline-200_20200521_1590053374/install-native/share/doc/gcc-arm-none-eabi/pdf --enable-languages=c,c++ --enable-plugins --disable-decimal-float --disable-libffi --disable-libgomp --disable-libmudflap --disable-libquadmath --disable-libssp --disable-libstdcxx-pch --disable-nls --disable-shared --disable-threads --disable-tls --with-gnu-as --with-gnu-ld --with-newlib --with-headers=yes --with-python-dir=share/gcc-arm-none-eabi --with-sysroot=/mnt/workspace/workspace/GCC-9-pipeline/jenkins-GCC-9-pipeline-200_20200521_1590053374/install-native/arm-none-eabi --build=x86_64-linux-gnu --host=x86_64-linux-gnu --with-gmp=/mnt/workspace/workspace/GCC-9-pipeline/jenkins-GCC-9-pipeline-200_20200521_1590053374/build-native/host-libs/usr --with-mpfr=/mnt/workspace/workspace/GCC-9-pipeline/jenkins-GCC-9-pipeline-200_20200521_1590053374/build-native/host-libs/usr --with-mpc=/mnt/workspace/workspace/GCC-9-pipeline/jenkins-GCC-9-pipeline-200_20200521_1590053374/build-native/host-libs/usr --with-isl=/mnt/workspace/workspace/GCC-9-pipeline/jenkins-GCC-9-pipeline-200_20200521_1590053374/build-native/host-libs/usr --with-libelf=/mnt/workspace/workspace/GCC-9-pipeline/jenkins-GCC-9-pipeline-200_20200521_1590053374/build-native/host-libs/usr --with-host-libstdcxx='-static-libgcc -Wl,-Bstatic,-lstdc++,-Bdynamic -lm' --with-pkgversion='GNU Arm Embedded Toolchain 9-2020-q2-update' --with-multilib-list=rmprofile,aprofile]
  ignore line: [Thread model: single]
  ignore line: [gcc version 9.3.1 20200408 (release) (GNU Arm Embedded Toolchain 9-2020-q2-update) ]
  ignore line: [COMPILER_PATH=/home/alexander/Downloads/Temp/gcc-arm-none-eabi-9-2020-q2-update/bin/../lib/gcc/arm-none-eabi/9.3.1/:/home/alexander/Downloads/Temp/gcc-arm-none-eabi-9-2020-q2-update/bin/../lib/gcc/:/home/alexander/Downloads/Temp/gcc-arm-none-eabi-9-2020-q2-update/bin/../lib/gcc/arm-none-eabi/9.3.1/../../../../arm-none-eabi/bin/]
  ignore line: [LIBRARY_PATH=/home/alexander/Downloads/Temp/gcc-arm-none-eabi-9-2020-q2-update/bin/../lib/gcc/arm-none-eabi/9.3.1/thumb/v7-m/nofp/:/home/alexander/Downloads/Temp/gcc-arm-none-eabi-9-2020-q2-update/bin/../lib/gcc/arm-none-eabi/9.3.1/../../../../arm-none-eabi/lib/thumb/v7-m/nofp/:/home/alexander/Downloads/Temp/gcc-arm-none-eabi-9-2020-q2-update/bin/../arm-none-eabi/lib/thumb/v7-m/nofp/:/home/alexander/Downloads/Temp/gcc-arm-none-eabi-9-2020-q2-update/bin/../lib/gcc/arm-none-eabi/9.3.1/:/home/alexander/Downloads/Temp/gcc-arm-none-eabi-9-2020-q2-update/bin/../lib/gcc/:/home/alexander/Downloads/Temp/gcc-arm-none-eabi-9-2020-q2-update/bin/../lib/gcc/arm-none-eabi/9.3.1/../../../../arm-none-eabi/lib/:/home/alexander/Downloads/Temp/gcc-arm-none-eabi-9-2020-q2-update/bin/../arm-none-eabi/lib/]
  ignore line: [COLLECT_GCC_OPTIONS='-mcpu=cortex-m3' '-mthumb' '-mthumb-interwork' '-ffunction-sections' '-fdata-sections' '-g' '-fno-common' '-fmessage-length=0' '-std=gnu99' '-T' '/home/alexander/Projects/Cpp/mk_ft/STM32F103C8TX_FLASH.ld' '-v' '-o' 'cmTC_aac9f' '-mfloat-abi=soft' '-march=armv7-m']
  link line: [ /home/alexander/Downloads/Temp/gcc-arm-none-eabi-9-2020-q2-update/bin/../lib/gcc/arm-none-eabi/9.3.1/collect2 -plugin /home/alexander/Downloads/Temp/gcc-arm-none-eabi-9-2020-q2-update/bin/../lib/gcc/arm-none-eabi/9.3.1/liblto_plugin.so -plugin-opt=/home/alexander/Downloads/Temp/gcc-arm-none-eabi-9-2020-q2-update/bin/../lib/gcc/arm-none-eabi/9.3.1/lto-wrapper -plugin-opt=-fresolution=/tmp/cclNd1ce.res -plugin-opt=-pass-through=-lgcc -plugin-opt=-pass-through=-lg -plugin-opt=-pass-through=-lc --sysroot=/home/alexander/Downloads/Temp/gcc-arm-none-eabi-9-2020-q2-update/bin/../arm-none-eabi -X -o cmTC_aac9f /home/alexander/Downloads/Temp/gcc-arm-none-eabi-9-2020-q2-update/bin/../lib/gcc/arm-none-eabi/9.3.1/thumb/v7-m/nofp/crti.o /home/alexander/Downloads/Temp/gcc-arm-none-eabi-9-2020-q2-update/bin/../lib/gcc/arm-none-eabi/9.3.1/thumb/v7-m/nofp/crtbegin.o /home/alexander/Downloads/Temp/gcc-arm-none-eabi-9-2020-q2-update/bin/../lib/gcc/arm-none-eabi/9.3.1/../../../../arm-none-eabi/lib/thumb/v7-m/nofp/crt0.o -L/home/alexander/Downloads/Temp/gcc-arm-none-eabi-9-2020-q2-update/bin/../lib/gcc/arm-none-eabi/9.3.1/thumb/v7-m/nofp -L/home/alexander/Downloads/Temp/gcc-arm-none-eabi-9-2020-q2-update/bin/../lib/gcc/arm-none-eabi/9.3.1/../../../../arm-none-eabi/lib/thumb/v7-m/nofp -L/home/alexander/Downloads/Temp/gcc-arm-none-eabi-9-2020-q2-update/bin/../arm-none-eabi/lib/thumb/v7-m/nofp -L/home/alexander/Downloads/Temp/gcc-arm-none-eabi-9-2020-q2-update/bin/../lib/gcc/arm-none-eabi/9.3.1 -L/home/alexander/Downloads/Temp/gcc-arm-none-eabi-9-2020-q2-update/bin/../lib/gcc -L/home/alexander/Downloads/Temp/gcc-arm-none-eabi-9-2020-q2-update/bin/../lib/gcc/arm-none-eabi/9.3.1/../../../../arm-none-eabi/lib -L/home/alexander/Downloads/Temp/gcc-arm-none-eabi-9-2020-q2-update/bin/../arm-none-eabi/lib -gc-sections --print-memory-usage CMakeFiles/cmTC_aac9f.dir/CMakeCCompilerABI.c.obj --start-group -lgcc -lg -lc --end-group /home/alexander/Downloads/Temp/gcc-arm-none-eabi-9-2020-q2-update/bin/../lib/gcc/arm-none-eabi/9.3.1/thumb/v7-m/nofp/crtend.o /home/alexander/Downloads/Temp/gcc-arm-none-eabi-9-2020-q2-update/bin/../lib/gcc/arm-none-eabi/9.3.1/thumb/v7-m/nofp/crtn.o -T /home/alexander/Projects/Cpp/mk_ft/STM32F103C8TX_FLASH.ld]
    arg [/home/alexander/Downloads/Temp/gcc-arm-none-eabi-9-2020-q2-update/bin/../lib/gcc/arm-none-eabi/9.3.1/collect2] ==> ignore
    arg [-plugin] ==> ignore
    arg [/home/alexander/Downloads/Temp/gcc-arm-none-eabi-9-2020-q2-update/bin/../lib/gcc/arm-none-eabi/9.3.1/liblto_plugin.so] ==> ignore
    arg [-plugin-opt=/home/alexander/Downloads/Temp/gcc-arm-none-eabi-9-2020-q2-update/bin/../lib/gcc/arm-none-eabi/9.3.1/lto-wrapper] ==> ignore
    arg [-plugin-opt=-fresolution=/tmp/cclNd1ce.res] ==> ignore
    arg [-plugin-opt=-pass-through=-lgcc] ==> ignore
    arg [-plugin-opt=-pass-through=-lg] ==> ignore
    arg [-plugin-opt=-pass-through=-lc] ==> ignore
    arg [--sysroot=/home/alexander/Downloads/Temp/gcc-arm-none-eabi-9-2020-q2-update/bin/../arm-none-eabi] ==> ignore
    arg [-X] ==> ignore
    arg [-o] ==> ignore
    arg [cmTC_aac9f] ==> ignore
    arg [/home/alexander/Downloads/Temp/gcc-arm-none-eabi-9-2020-q2-update/bin/../lib/gcc/arm-none-eabi/9.3.1/thumb/v7-m/nofp/crti.o] ==> ignore
    arg [/home/alexander/Downloads/Temp/gcc-arm-none-eabi-9-2020-q2-update/bin/../lib/gcc/arm-none-eabi/9.3.1/thumb/v7-m/nofp/crtbegin.o] ==> ignore
    arg [/home/alexander/Downloads/Temp/gcc-arm-none-eabi-9-2020-q2-update/bin/../lib/gcc/arm-none-eabi/9.3.1/../../../../arm-none-eabi/lib/thumb/v7-m/nofp/crt0.o] ==> ignore
    arg [-L/home/alexander/Downloads/Temp/gcc-arm-none-eabi-9-2020-q2-update/bin/../lib/gcc/arm-none-eabi/9.3.1/thumb/v7-m/nofp] ==> dir [/home/alexander/Downloads/Temp/gcc-arm-none-eabi-9-2020-q2-update/bin/../lib/gcc/arm-none-eabi/9.3.1/thumb/v7-m/nofp]
    arg [-L/home/alexander/Downloads/Temp/gcc-arm-none-eabi-9-2020-q2-update/bin/../lib/gcc/arm-none-eabi/9.3.1/../../../../arm-none-eabi/lib/thumb/v7-m/nofp] ==> dir [/home/alexander/Downloads/Temp/gcc-arm-none-eabi-9-2020-q2-update/bin/../lib/gcc/arm-none-eabi/9.3.1/../../../../arm-none-eabi/lib/thumb/v7-m/nofp]
    arg [-L/home/alexander/Downloads/Temp/gcc-arm-none-eabi-9-2020-q2-update/bin/../arm-none-eabi/lib/thumb/v7-m/nofp] ==> dir [/home/alexander/Downloads/Temp/gcc-arm-none-eabi-9-2020-q2-update/bin/../arm-none-eabi/lib/thumb/v7-m/nofp]
    arg [-L/home/alexander/Downloads/Temp/gcc-arm-none-eabi-9-2020-q2-update/bin/../lib/gcc/arm-none-eabi/9.3.1] ==> dir [/home/alexander/Downloads/Temp/gcc-arm-none-eabi-9-2020-q2-update/bin/../lib/gcc/arm-none-eabi/9.3.1]
    arg [-L/home/alexander/Downloads/Temp/gcc-arm-none-eabi-9-2020-q2-update/bin/../lib/gcc] ==> dir [/home/alexander/Downloads/Temp/gcc-arm-none-eabi-9-2020-q2-update/bin/../lib/gcc]
    arg [-L/home/alexander/Downloads/Temp/gcc-arm-none-eabi-9-2020-q2-update/bin/../lib/gcc/arm-none-eabi/9.3.1/../../../../arm-none-eabi/lib] ==> dir [/home/alexander/Downloads/Temp/gcc-arm-none-eabi-9-2020-q2-update/bin/../lib/gcc/arm-none-eabi/9.3.1/../../../../arm-none-eabi/lib]
    arg [-L/home/alexander/Downloads/Temp/gcc-arm-none-eabi-9-2020-q2-update/bin/../arm-none-eabi/lib] ==> dir [/home/alexander/Downloads/Temp/gcc-arm-none-eabi-9-2020-q2-update/bin/../arm-none-eabi/lib]
    arg [-gc-sections] ==> ignore
    arg [--print-memory-usage] ==> ignore
    arg [CMakeFiles/cmTC_aac9f.dir/CMakeCCompilerABI.c.obj] ==> ignore
    arg [--start-group] ==> ignore
    arg [-lgcc] ==> lib [gcc]
    arg [-lg] ==> lib [g]
    arg [-lc] ==> lib [c]
    arg [--end-group] ==> ignore
    arg [/home/alexander/Downloads/Temp/gcc-arm-none-eabi-9-2020-q2-update/bin/../lib/gcc/arm-none-eabi/9.3.1/thumb/v7-m/nofp/crtend.o] ==> ignore
    arg [/home/alexander/Downloads/Temp/gcc-arm-none-eabi-9-2020-q2-update/bin/../lib/gcc/arm-none-eabi/9.3.1/thumb/v7-m/nofp/crtn.o] ==> ignore
    arg [-T] ==> ignore
    arg [/home/alexander/Projects/Cpp/mk_ft/STM32F103C8TX_FLASH.ld] ==> ignore
  collapse library dir [/home/alexander/Downloads/Temp/gcc-arm-none-eabi-9-2020-q2-update/bin/../lib/gcc/arm-none-eabi/9.3.1/thumb/v7-m/nofp] ==> [/home/alexander/Downloads/Temp/gcc-arm-none-eabi-9-2020-q2-update/lib/gcc/arm-none-eabi/9.3.1/thumb/v7-m/nofp]
  collapse library dir [/home/alexander/Downloads/Temp/gcc-arm-none-eabi-9-2020-q2-update/bin/../lib/gcc/arm-none-eabi/9.3.1/../../../../arm-none-eabi/lib/thumb/v7-m/nofp] ==> [/home/alexander/Downloads/Temp/gcc-arm-none-eabi-9-2020-q2-update/arm-none-eabi/lib/thumb/v7-m/nofp]
  collapse library dir [/home/alexander/Downloads/Temp/gcc-arm-none-eabi-9-2020-q2-update/bin/../arm-none-eabi/lib/thumb/v7-m/nofp] ==> [/home/alexander/Downloads/Temp/gcc-arm-none-eabi-9-2020-q2-update/arm-none-eabi/lib/thumb/v7-m/nofp]
  collapse library dir [/home/alexander/Downloads/Temp/gcc-arm-none-eabi-9-2020-q2-update/bin/../lib/gcc/arm-none-eabi/9.3.1] ==> [/home/alexander/Downloads/Temp/gcc-arm-none-eabi-9-2020-q2-update/lib/gcc/arm-none-eabi/9.3.1]
  collapse library dir [/home/alexander/Downloads/Temp/gcc-arm-none-eabi-9-2020-q2-update/bin/../lib/gcc] ==> [/home/alexander/Downloads/Temp/gcc-arm-none-eabi-9-2020-q2-update/lib/gcc]
  collapse library dir [/home/alexander/Downloads/Temp/gcc-arm-none-eabi-9-2020-q2-update/bin/../lib/gcc/arm-none-eabi/9.3.1/../../../../arm-none-eabi/lib] ==> [/home/alexander/Downloads/Temp/gcc-arm-none-eabi-9-2020-q2-update/arm-none-eabi/lib]
  collapse library dir [/home/alexander/Downloads/Temp/gcc-arm-none-eabi-9-2020-q2-update/bin/../arm-none-eabi/lib] ==> [/home/alexander/Downloads/Temp/gcc-arm-none-eabi-9-2020-q2-update/arm-none-eabi/lib]
  implicit libs: [gcc;g;c]
  implicit dirs: [/home/alexander/Downloads/Temp/gcc-arm-none-eabi-9-2020-q2-update/lib/gcc/arm-none-eabi/9.3.1/thumb/v7-m/nofp;/home/alexander/Downloads/Temp/gcc-arm-none-eabi-9-2020-q2-update/arm-none-eabi/lib/thumb/v7-m/nofp;/home/alexander/Downloads/Temp/gcc-arm-none-eabi-9-2020-q2-update/lib/gcc/arm-none-eabi/9.3.1;/home/alexander/Downloads/Temp/gcc-arm-none-eabi-9-2020-q2-update/lib/gcc;/home/alexander/Downloads/Temp/gcc-arm-none-eabi-9-2020-q2-update/arm-none-eabi/lib]
  implicit fwks: []


Detecting CXX compiler ABI info compiled with the following output:
Change Dir: /home/alexander/Projects/Cpp/mk_ft/cmake-build-debug/CMakeFiles/CMakeTmp

Run Build Command(s):/usr/bin/make cmTC_b5892/fast && /usr/bin/make -f CMakeFiles/cmTC_b5892.dir/build.make CMakeFiles/cmTC_b5892.dir/build
make[1]: Entering directory '/home/alexander/Projects/Cpp/mk_ft/cmake-build-debug/CMakeFiles/CMakeTmp'
Building CXX object CMakeFiles/cmTC_b5892.dir/CMakeCXXCompilerABI.cpp.obj
/usr/local/bin/arm-none-eabi-g++    -mcpu=cortex-m3  -mthumb -mthumb-interwork -ffunction-sections -fdata-sections     -g -fno-common -fmessage-length=0  -std=c++11    -v -o CMakeFiles/cmTC_b5892.dir/CMakeCXXCompilerABI.cpp.obj -c /opt/clion-2020.1.2/bin/cmake/linux/share/cmake-3.16/Modules/CMakeCXXCompilerABI.cpp
Using built-in specs.
COLLECT_GCC=/usr/local/bin/arm-none-eabi-g++
Target: arm-none-eabi
Configured with: /mnt/workspace/workspace/GCC-9-pipeline/jenkins-GCC-9-pipeline-200_20200521_1590053374/src/gcc/configure --target=arm-none-eabi --prefix=/mnt/workspace/workspace/GCC-9-pipeline/jenkins-GCC-9-pipeline-200_20200521_1590053374/install-native --libexecdir=/mnt/workspace/workspace/GCC-9-pipeline/jenkins-GCC-9-pipeline-200_20200521_1590053374/install-native/lib --infodir=/mnt/workspace/workspace/GCC-9-pipeline/jenkins-GCC-9-pipeline-200_20200521_1590053374/install-native/share/doc/gcc-arm-none-eabi/info --mandir=/mnt/workspace/workspace/GCC-9-pipeline/jenkins-GCC-9-pipeline-200_20200521_1590053374/install-native/share/doc/gcc-arm-none-eabi/man --htmldir=/mnt/workspace/workspace/GCC-9-pipeline/jenkins-GCC-9-pipeline-200_20200521_1590053374/install-native/share/doc/gcc-arm-none-eabi/html --pdfdir=/mnt/workspace/workspace/GCC-9-pipeline/jenkins-GCC-9-pipeline-200_20200521_1590053374/install-native/share/doc/gcc-arm-none-eabi/pdf --enable-languages=c,c++ --enable-plugins --disable-decimal-float --disable-libffi --disable-libgomp --disable-libmudflap --disable-libquadmath --disable-libssp --disable-libstdcxx-pch --disable-nls --disable-shared --disable-threads --disable-tls --with-gnu-as --with-gnu-ld --with-newlib --with-headers=yes --with-python-dir=share/gcc-arm-none-eabi --with-sysroot=/mnt/workspace/workspace/GCC-9-pipeline/jenkins-GCC-9-pipeline-200_20200521_1590053374/install-native/arm-none-eabi --build=x86_64-linux-gnu --host=x86_64-linux-gnu --with-gmp=/mnt/workspace/workspace/GCC-9-pipeline/jenkins-GCC-9-pipeline-200_20200521_1590053374/build-native/host-libs/usr --with-mpfr=/mnt/workspace/workspace/GCC-9-pipeline/jenkins-GCC-9-pipeline-200_20200521_1590053374/build-native/host-libs/usr --with-mpc=/mnt/workspace/workspace/GCC-9-pipeline/jenkins-GCC-9-pipeline-200_20200521_1590053374/build-native/host-libs/usr --with-isl=/mnt/workspace/workspace/GCC-9-pipeline/jenkins-GCC-9-pipeline-200_20200521_1590053374/build-native/host-libs/usr --with-libelf=/mnt/workspace/workspace/GCC-9-pipeline/jenkins-GCC-9-pipeline-200_20200521_1590053374/build-native/host-libs/usr --with-host-libstdcxx='-static-libgcc -Wl,-Bstatic,-lstdc++,-Bdynamic -lm' --with-pkgversion='GNU Arm Embedded Toolchain 9-2020-q2-update' --with-multilib-list=rmprofile,aprofile
Thread model: single
gcc version 9.3.1 20200408 (release) (GNU Arm Embedded Toolchain 9-2020-q2-update) 
COLLECT_GCC_OPTIONS='-mcpu=cortex-m3' '-mthumb' '-mthumb-interwork' '-ffunction-sections' '-fdata-sections' '-g' '-fno-common' '-fmessage-length=0' '-std=c++11' '-v' '-o' 'CMakeFiles/cmTC_b5892.dir/CMakeCXXCompilerABI.cpp.obj' '-c' '-mfloat-abi=soft' '-march=armv7-m'
 /home/alexander/Downloads/Temp/gcc-arm-none-eabi-9-2020-q2-update/bin/../lib/gcc/arm-none-eabi/9.3.1/cc1plus -quiet -v -imultilib thumb/v7-m/nofp -iprefix /home/alexander/Downloads/Temp/gcc-arm-none-eabi-9-2020-q2-update/bin/../lib/gcc/arm-none-eabi/9.3.1/ -isysroot /home/alexander/Downloads/Temp/gcc-arm-none-eabi-9-2020-q2-update/bin/../arm-none-eabi -D__USES_INITFINI__ /opt/clion-2020.1.2/bin/cmake/linux/share/cmake-3.16/Modules/CMakeCXXCompilerABI.cpp -quiet -dumpbase CMakeCXXCompilerABI.cpp -mcpu=cortex-m3 -mthumb -mthumb-interwork -mfloat-abi=soft -march=armv7-m -auxbase-strip CMakeFiles/cmTC_b5892.dir/CMakeCXXCompilerABI.cpp.obj -g -std=c++11 -version -ffunction-sections -fdata-sections -fno-common -fmessage-length=0 -o /tmp/ccygUIut.s
GNU C++11 (GNU Arm Embedded Toolchain 9-2020-q2-update) version 9.3.1 20200408 (release) (arm-none-eabi)
	compiled by GNU C version 4.8.4, GMP version 6.1.0, MPFR version 3.1.4, MPC version 1.0.3, isl version isl-0.18-GMP

GGC heuristics: --param ggc-min-expand=100 --param ggc-min-heapsize=131072
ignoring duplicate directory "/home/alexander/Downloads/Temp/gcc-arm-none-eabi-9-2020-q2-update/bin/../lib/gcc/../../lib/gcc/arm-none-eabi/9.3.1/../../../../arm-none-eabi/include/c++/9.3.1"
ignoring duplicate directory "/home/alexander/Downloads/Temp/gcc-arm-none-eabi-9-2020-q2-update/bin/../lib/gcc/../../lib/gcc/arm-none-eabi/9.3.1/../../../../arm-none-eabi/include/c++/9.3.1/arm-none-eabi/thumb/v7-m/nofp"
ignoring duplicate directory "/home/alexander/Downloads/Temp/gcc-arm-none-eabi-9-2020-q2-update/bin/../lib/gcc/../../lib/gcc/arm-none-eabi/9.3.1/../../../../arm-none-eabi/include/c++/9.3.1/backward"
ignoring duplicate directory "/home/alexander/Downloads/Temp/gcc-arm-none-eabi-9-2020-q2-update/bin/../lib/gcc/../../lib/gcc/arm-none-eabi/9.3.1/include"
ignoring nonexistent directory "/home/alexander/Downloads/Temp/gcc-arm-none-eabi-9-2020-q2-update/bin/../arm-none-eabi/usr/local/include"
ignoring duplicate directory "/home/alexander/Downloads/Temp/gcc-arm-none-eabi-9-2020-q2-update/bin/../lib/gcc/../../lib/gcc/arm-none-eabi/9.3.1/include-fixed"
ignoring duplicate directory "/home/alexander/Downloads/Temp/gcc-arm-none-eabi-9-2020-q2-update/bin/../lib/gcc/../../lib/gcc/arm-none-eabi/9.3.1/../../../../arm-none-eabi/include"
ignoring nonexistent directory "/home/alexander/Downloads/Temp/gcc-arm-none-eabi-9-2020-q2-update/bin/../arm-none-eabi/usr/include"
#include "..." search starts here:
#include <...> search starts here:
 /home/alexander/Downloads/Temp/gcc-arm-none-eabi-9-2020-q2-update/bin/../lib/gcc/arm-none-eabi/9.3.1/../../../../arm-none-eabi/include/c++/9.3.1
 /home/alexander/Downloads/Temp/gcc-arm-none-eabi-9-2020-q2-update/bin/../lib/gcc/arm-none-eabi/9.3.1/../../../../arm-none-eabi/include/c++/9.3.1/arm-none-eabi/thumb/v7-m/nofp
 /home/alexander/Downloads/Temp/gcc-arm-none-eabi-9-2020-q2-update/bin/../lib/gcc/arm-none-eabi/9.3.1/../../../../arm-none-eabi/include/c++/9.3.1/backward
 /home/alexander/Downloads/Temp/gcc-arm-none-eabi-9-2020-q2-update/bin/../lib/gcc/arm-none-eabi/9.3.1/include
 /home/alexander/Downloads/Temp/gcc-arm-none-eabi-9-2020-q2-update/bin/../lib/gcc/arm-none-eabi/9.3.1/include-fixed
 /home/alexander/Downloads/Temp/gcc-arm-none-eabi-9-2020-q2-update/bin/../lib/gcc/arm-none-eabi/9.3.1/../../../../arm-none-eabi/include
End of search list.
GNU C++11 (GNU Arm Embedded Toolchain 9-2020-q2-update) version 9.3.1 20200408 (release) (arm-none-eabi)
	compiled by GNU C version 4.8.4, GMP version 6.1.0, MPFR version 3.1.4, MPC version 1.0.3, isl version isl-0.18-GMP

GGC heuristics: --param ggc-min-expand=100 --param ggc-min-heapsize=131072
Compiler executable checksum: 3cb932f70daa6671a7d108190c88329f
COLLECT_GCC_OPTIONS='-mcpu=cortex-m3' '-mthumb' '-mthumb-interwork' '-ffunction-sections' '-fdata-sections' '-g' '-fno-common' '-fmessage-length=0' '-std=c++11' '-v' '-o' 'CMakeFiles/cmTC_b5892.dir/CMakeCXXCompilerABI.cpp.obj' '-c' '-mfloat-abi=soft' '-march=armv7-m'
 /home/alexander/Downloads/Temp/gcc-arm-none-eabi-9-2020-q2-update/bin/../lib/gcc/arm-none-eabi/9.3.1/../../../../arm-none-eabi/bin/as -v -march=armv7-m -mthumb-interwork -mfloat-abi=soft -meabi=5 -o CMakeFiles/cmTC_b5892.dir/CMakeCXXCompilerABI.cpp.obj /tmp/ccygUIut.s
GNU assembler version 2.34.0 (arm-none-eabi) using BFD version (GNU Arm Embedded Toolchain 9-2020-q2-update) 2.34.0.20200428
COMPILER_PATH=/home/alexander/Downloads/Temp/gcc-arm-none-eabi-9-2020-q2-update/bin/../lib/gcc/arm-none-eabi/9.3.1/:/home/alexander/Downloads/Temp/gcc-arm-none-eabi-9-2020-q2-update/bin/../lib/gcc/:/home/alexander/Downloads/Temp/gcc-arm-none-eabi-9-2020-q2-update/bin/../lib/gcc/arm-none-eabi/9.3.1/../../../../arm-none-eabi/bin/
LIBRARY_PATH=/home/alexander/Downloads/Temp/gcc-arm-none-eabi-9-2020-q2-update/bin/../lib/gcc/arm-none-eabi/9.3.1/thumb/v7-m/nofp/:/home/alexander/Downloads/Temp/gcc-arm-none-eabi-9-2020-q2-update/bin/../lib/gcc/arm-none-eabi/9.3.1/../../../../arm-none-eabi/lib/thumb/v7-m/nofp/:/home/alexander/Downloads/Temp/gcc-arm-none-eabi-9-2020-q2-update/bin/../arm-none-eabi/lib/thumb/v7-m/nofp/:/home/alexander/Downloads/Temp/gcc-arm-none-eabi-9-2020-q2-update/bin/../lib/gcc/arm-none-eabi/9.3.1/:/home/alexander/Downloads/Temp/gcc-arm-none-eabi-9-2020-q2-update/bin/../lib/gcc/:/home/alexander/Downloads/Temp/gcc-arm-none-eabi-9-2020-q2-update/bin/../lib/gcc/arm-none-eabi/9.3.1/../../../../arm-none-eabi/lib/:/home/alexander/Downloads/Temp/gcc-arm-none-eabi-9-2020-q2-update/bin/../arm-none-eabi/lib/
COLLECT_GCC_OPTIONS='-mcpu=cortex-m3' '-mthumb' '-mthumb-interwork' '-ffunction-sections' '-fdata-sections' '-g' '-fno-common' '-fmessage-length=0' '-std=c++11' '-v' '-o' 'CMakeFiles/cmTC_b5892.dir/CMakeCXXCompilerABI.cpp.obj' '-c' '-mfloat-abi=soft' '-march=armv7-m'
Linking CXX executable cmTC_b5892
/opt/clion-2020.1.2/bin/cmake/linux/bin/cmake -E cmake_link_script CMakeFiles/cmTC_b5892.dir/link.txt --verbose=1
/usr/local/bin/arm-none-eabi-g++  -mcpu=cortex-m3  -mthumb -mthumb-interwork -ffunction-sections -fdata-sections     -g -fno-common -fmessage-length=0  -std=c++11   -Wl,-gc-sections,--print-memory-usage -T /home/alexander/Projects/Cpp/mk_ft/STM32F103C8TX_FLASH.ld -v CMakeFiles/cmTC_b5892.dir/CMakeCXXCompilerABI.cpp.obj  -o cmTC_b5892 
Using built-in specs.
COLLECT_GCC=/usr/local/bin/arm-none-eabi-g++
COLLECT_LTO_WRAPPER=/home/alexander/Downloads/Temp/gcc-arm-none-eabi-9-2020-q2-update/bin/../lib/gcc/arm-none-eabi/9.3.1/lto-wrapper
Target: arm-none-eabi
Configured with: /mnt/workspace/workspace/GCC-9-pipeline/jenkins-GCC-9-pipeline-200_20200521_1590053374/src/gcc/configure --target=arm-none-eabi --prefix=/mnt/workspace/workspace/GCC-9-pipeline/jenkins-GCC-9-pipeline-200_20200521_1590053374/install-native --libexecdir=/mnt/workspace/workspace/GCC-9-pipeline/jenkins-GCC-9-pipeline-200_20200521_1590053374/install-native/lib --infodir=/mnt/workspace/workspace/GCC-9-pipeline/jenkins-GCC-9-pipeline-200_20200521_1590053374/install-native/share/doc/gcc-arm-none-eabi/info --mandir=/mnt/workspace/workspace/GCC-9-pipeline/jenkins-GCC-9-pipeline-200_20200521_1590053374/install-native/share/doc/gcc-arm-none-eabi/man --htmldir=/mnt/workspace/workspace/GCC-9-pipeline/jenkins-GCC-9-pipeline-200_20200521_1590053374/install-native/share/doc/gcc-arm-none-eabi/html --pdfdir=/mnt/workspace/workspace/GCC-9-pipeline/jenkins-GCC-9-pipeline-200_20200521_1590053374/install-native/share/doc/gcc-arm-none-eabi/pdf --enable-languages=c,c++ --enable-plugins --disable-decimal-float --disable-libffi --disable-libgomp --disable-libmudflap --disable-libquadmath --disable-libssp --disable-libstdcxx-pch --disable-nls --disable-shared --disable-threads --disable-tls --with-gnu-as --with-gnu-ld --with-newlib --with-headers=yes --with-python-dir=share/gcc-arm-none-eabi --with-sysroot=/mnt/workspace/workspace/GCC-9-pipeline/jenkins-GCC-9-pipeline-200_20200521_1590053374/install-native/arm-none-eabi --build=x86_64-linux-gnu --host=x86_64-linux-gnu --with-gmp=/mnt/workspace/workspace/GCC-9-pipeline/jenkins-GCC-9-pipeline-200_20200521_1590053374/build-native/host-libs/usr --with-mpfr=/mnt/workspace/workspace/GCC-9-pipeline/jenkins-GCC-9-pipeline-200_20200521_1590053374/build-native/host-libs/usr --with-mpc=/mnt/workspace/workspace/GCC-9-pipeline/jenkins-GCC-9-pipeline-200_20200521_1590053374/build-native/host-libs/usr --with-isl=/mnt/workspace/workspace/GCC-9-pipeline/jenkins-GCC-9-pipeline-200_20200521_1590053374/build-native/host-libs/usr --with-libelf=/mnt/workspace/workspace/GCC-9-pipeline/jenkins-GCC-9-pipeline-200_20200521_1590053374/build-native/host-libs/usr --with-host-libstdcxx='-static-libgcc -Wl,-Bstatic,-lstdc++,-Bdynamic -lm' --with-pkgversion='GNU Arm Embedded Toolchain 9-2020-q2-update' --with-multilib-list=rmprofile,aprofile
Thread model: single
gcc version 9.3.1 20200408 (release) (GNU Arm Embedded Toolchain 9-2020-q2-update) 
COMPILER_PATH=/home/alexander/Downloads/Temp/gcc-arm-none-eabi-9-2020-q2-update/bin/../lib/gcc/arm-none-eabi/9.3.1/:/home/alexander/Downloads/Temp/gcc-arm-none-eabi-9-2020-q2-update/bin/../lib/gcc/:/home/alexander/Downloads/Temp/gcc-arm-none-eabi-9-2020-q2-update/bin/../lib/gcc/arm-none-eabi/9.3.1/../../../../arm-none-eabi/bin/
LIBRARY_PATH=/home/alexander/Downloads/Temp/gcc-arm-none-eabi-9-2020-q2-update/bin/../lib/gcc/arm-none-eabi/9.3.1/thumb/v7-m/nofp/:/home/alexander/Downloads/Temp/gcc-arm-none-eabi-9-2020-q2-update/bin/../lib/gcc/arm-none-eabi/9.3.1/../../../../arm-none-eabi/lib/thumb/v7-m/nofp/:/home/alexander/Downloads/Temp/gcc-arm-none-eabi-9-2020-q2-update/bin/../arm-none-eabi/lib/thumb/v7-m/nofp/:/home/alexander/Downloads/Temp/gcc-arm-none-eabi-9-2020-q2-update/bin/../lib/gcc/arm-none-eabi/9.3.1/:/home/alexander/Downloads/Temp/gcc-arm-none-eabi-9-2020-q2-update/bin/../lib/gcc/:/home/alexander/Downloads/Temp/gcc-arm-none-eabi-9-2020-q2-update/bin/../lib/gcc/arm-none-eabi/9.3.1/../../../../arm-none-eabi/lib/:/home/alexander/Downloads/Temp/gcc-arm-none-eabi-9-2020-q2-update/bin/../arm-none-eabi/lib/
COLLECT_GCC_OPTIONS='-mcpu=cortex-m3' '-mthumb' '-mthumb-interwork' '-ffunction-sections' '-fdata-sections' '-g' '-fno-common' '-fmessage-length=0' '-std=c++11' '-T' '/home/alexander/Projects/Cpp/mk_ft/STM32F103C8TX_FLASH.ld' '-v' '-o' 'cmTC_b5892' '-mfloat-abi=soft' '-march=armv7-m'
 /home/alexander/Downloads/Temp/gcc-arm-none-eabi-9-2020-q2-update/bin/../lib/gcc/arm-none-eabi/9.3.1/collect2 -plugin /home/alexander/Downloads/Temp/gcc-arm-none-eabi-9-2020-q2-update/bin/../lib/gcc/arm-none-eabi/9.3.1/liblto_plugin.so -plugin-opt=/home/alexander/Downloads/Temp/gcc-arm-none-eabi-9-2020-q2-update/bin/../lib/gcc/arm-none-eabi/9.3.1/lto-wrapper -plugin-opt=-fresolution=/tmp/cc9BBU4p.res -plugin-opt=-pass-through=-lgcc -plugin-opt=-pass-through=-lg -plugin-opt=-pass-through=-lc --sysroot=/home/alexander/Downloads/Temp/gcc-arm-none-eabi-9-2020-q2-update/bin/../arm-none-eabi -X -o cmTC_b5892 /home/alexander/Downloads/Temp/gcc-arm-none-eabi-9-2020-q2-update/bin/../lib/gcc/arm-none-eabi/9.3.1/thumb/v7-m/nofp/crti.o /home/alexander/Downloads/Temp/gcc-arm-none-eabi-9-2020-q2-update/bin/../lib/gcc/arm-none-eabi/9.3.1/thumb/v7-m/nofp/crtbegin.o /home/alexander/Downloads/Temp/gcc-arm-none-eabi-9-2020-q2-update/bin/../lib/gcc/arm-none-eabi/9.3.1/../../../../arm-none-eabi/lib/thumb/v7-m/nofp/crt0.o -L/home/alexander/Downloads/Temp/gcc-arm-none-eabi-9-2020-q2-update/bin/../lib/gcc/arm-none-eabi/9.3.1/thumb/v7-m/nofp -L/home/alexander/Downloads/Temp/gcc-arm-none-eabi-9-2020-q2-update/bin/../lib/gcc/arm-none-eabi/9.3.1/../../../../arm-none-eabi/lib/thumb/v7-m/nofp -L/home/alexander/Downloads/Temp/gcc-arm-none-eabi-9-2020-q2-update/bin/../arm-none-eabi/lib/thumb/v7-m/nofp -L/home/alexander/Downloads/Temp/gcc-arm-none-eabi-9-2020-q2-update/bin/../lib/gcc/arm-none-eabi/9.3.1 -L/home/alexander/Downloads/Temp/gcc-arm-none-eabi-9-2020-q2-update/bin/../lib/gcc -L/home/alexander/Downloads/Temp/gcc-arm-none-eabi-9-2020-q2-update/bin/../lib/gcc/arm-none-eabi/9.3.1/../../../../arm-none-eabi/lib -L/home/alexander/Downloads/Temp/gcc-arm-none-eabi-9-2020-q2-update/bin/../arm-none-eabi/lib -gc-sections --print-memory-usage CMakeFiles/cmTC_b5892.dir/CMakeCXXCompilerABI.cpp.obj -lstdc++ -lm --start-group -lgcc -lg -lc --end-group /home/alexander/Downloads/Temp/gcc-arm-none-eabi-9-2020-q2-update/bin/../lib/gcc/arm-none-eabi/9.3.1/thumb/v7-m/nofp/crtend.o /home/alexander/Downloads/Temp/gcc-arm-none-eabi-9-2020-q2-update/bin/../lib/gcc/arm-none-eabi/9.3.1/thumb/v7-m/nofp/crtn.o -T /home/alexander/Projects/Cpp/mk_ft/STM32F103C8TX_FLASH.ld
Memory region         Used Size  Region Size  %age Used
             RAM:        2672 B        20 KB     13.05%
           FLASH:        1396 B        64 KB      2.13/home/alexander/Downloads/Temp/gcc-arm-none-eabi-9-2020-q2-update/bin/../lib/gcc/arm-none-eabi/9.3.1/../../../../arm-none-eabi/bin/ld: warning: cannot find entry symbol Reset_Handler; defaulting to 0000000008000000
%
COLLECT_GCC_OPTIONS='-mcpu=cortex-m3' '-mthumb' '-mthumb-interwork' '-ffunction-sections' '-fdata-sections' '-g' '-fno-common' '-fmessage-length=0' '-std=c++11' '-T' '/home/alexander/Projects/Cpp/mk_ft/STM32F103C8TX_FLASH.ld' '-v' '-o' 'cmTC_b5892' '-mfloat-abi=soft' '-march=armv7-m'
make[1]: Leaving directory '/home/alexander/Projects/Cpp/mk_ft/cmake-build-debug/CMakeFiles/CMakeTmp'



Parsed CXX implicit include dir info from above output: rv=done
  found start of include info
  found start of implicit include info
    add: [/home/alexander/Downloads/Temp/gcc-arm-none-eabi-9-2020-q2-update/bin/../lib/gcc/arm-none-eabi/9.3.1/../../../../arm-none-eabi/include/c++/9.3.1]
    add: [/home/alexander/Downloads/Temp/gcc-arm-none-eabi-9-2020-q2-update/bin/../lib/gcc/arm-none-eabi/9.3.1/../../../../arm-none-eabi/include/c++/9.3.1/arm-none-eabi/thumb/v7-m/nofp]
    add: [/home/alexander/Downloads/Temp/gcc-arm-none-eabi-9-2020-q2-update/bin/../lib/gcc/arm-none-eabi/9.3.1/../../../../arm-none-eabi/include/c++/9.3.1/backward]
    add: [/home/alexander/Downloads/Temp/gcc-arm-none-eabi-9-2020-q2-update/bin/../lib/gcc/arm-none-eabi/9.3.1/include]
    add: [/home/alexander/Downloads/Temp/gcc-arm-none-eabi-9-2020-q2-update/bin/../lib/gcc/arm-none-eabi/9.3.1/include-fixed]
    add: [/home/alexander/Downloads/Temp/gcc-arm-none-eabi-9-2020-q2-update/bin/../lib/gcc/arm-none-eabi/9.3.1/../../../../arm-none-eabi/include]
  end of search list found
  collapse include dir [/home/alexander/Downloads/Temp/gcc-arm-none-eabi-9-2020-q2-update/bin/../lib/gcc/arm-none-eabi/9.3.1/../../../../arm-none-eabi/include/c++/9.3.1] ==> [/home/alexander/Downloads/Temp/gcc-arm-none-eabi-9-2020-q2-update/arm-none-eabi/include/c++/9.3.1]
  collapse include dir [/home/alexander/Downloads/Temp/gcc-arm-none-eabi-9-2020-q2-update/bin/../lib/gcc/arm-none-eabi/9.3.1/../../../../arm-none-eabi/include/c++/9.3.1/arm-none-eabi/thumb/v7-m/nofp] ==> [/home/alexander/Downloads/Temp/gcc-arm-none-eabi-9-2020-q2-update/arm-none-eabi/include/c++/9.3.1/arm-none-eabi/thumb/v7-m/nofp]
  collapse include dir [/home/alexander/Downloads/Temp/gcc-arm-none-eabi-9-2020-q2-update/bin/../lib/gcc/arm-none-eabi/9.3.1/../../../../arm-none-eabi/include/c++/9.3.1/backward] ==> [/home/alexander/Downloads/Temp/gcc-arm-none-eabi-9-2020-q2-update/arm-none-eabi/include/c++/9.3.1/backward]
  collapse include dir [/home/alexander/Downloads/Temp/gcc-arm-none-eabi-9-2020-q2-update/bin/../lib/gcc/arm-none-eabi/9.3.1/include] ==> [/home/alexander/Downloads/Temp/gcc-arm-none-eabi-9-2020-q2-update/lib/gcc/arm-none-eabi/9.3.1/include]
  collapse include dir [/home/alexander/Downloads/Temp/gcc-arm-none-eabi-9-2020-q2-update/bin/../lib/gcc/arm-none-eabi/9.3.1/include-fixed] ==> [/home/alexander/Downloads/Temp/gcc-arm-none-eabi-9-2020-q2-update/lib/gcc/arm-none-eabi/9.3.1/include-fixed]
  collapse include dir [/home/alexander/Downloads/Temp/gcc-arm-none-eabi-9-2020-q2-update/bin/../lib/gcc/arm-none-eabi/9.3.1/../../../../arm-none-eabi/include] ==> [/home/alexander/Downloads/Temp/gcc-arm-none-eabi-9-2020-q2-update/arm-none-eabi/include]
  implicit include dirs: [/home/alexander/Downloads/Temp/gcc-arm-none-eabi-9-2020-q2-update/arm-none-eabi/include/c++/9.3.1;/home/alexander/Downloads/Temp/gcc-arm-none-eabi-9-2020-q2-update/arm-none-eabi/include/c++/9.3.1/arm-none-eabi/thumb/v7-m/nofp;/home/alexander/Downloads/Temp/gcc-arm-none-eabi-9-2020-q2-update/arm-none-eabi/include/c++/9.3.1/backward;/home/alexander/Downloads/Temp/gcc-arm-none-eabi-9-2020-q2-update/lib/gcc/arm-none-eabi/9.3.1/include;/home/alexander/Downloads/Temp/gcc-arm-none-eabi-9-2020-q2-update/lib/gcc/arm-none-eabi/9.3.1/include-fixed;/home/alexander/Downloads/Temp/gcc-arm-none-eabi-9-2020-q2-update/arm-none-eabi/include]


Parsed CXX implicit link information from above output:
  link line regex: [^( *|.*[/\])(CMAKE_LINKER-NOTFOUND|CMAKE_LINK_STARTFILE-NOTFOUND|([^/\]+-)?ld|collect2)[^/\]*( |$)]
  ignore line: [Change Dir: /home/alexander/Projects/Cpp/mk_ft/cmake-build-debug/CMakeFiles/CMakeTmp]
  ignore line: []
  ignore line: [Run Build Command(s):/usr/bin/make cmTC_b5892/fast && /usr/bin/make -f CMakeFiles/cmTC_b5892.dir/build.make CMakeFiles/cmTC_b5892.dir/build]
  ignore line: [make[1]: Entering directory '/home/alexander/Projects/Cpp/mk_ft/cmake-build-debug/CMakeFiles/CMakeTmp']
  ignore line: [Building CXX object CMakeFiles/cmTC_b5892.dir/CMakeCXXCompilerABI.cpp.obj]
  ignore line: [/usr/local/bin/arm-none-eabi-g++    -mcpu=cortex-m3  -mthumb -mthumb-interwork -ffunction-sections -fdata-sections     -g -fno-common -fmessage-length=0  -std=c++11    -v -o CMakeFiles/cmTC_b5892.dir/CMakeCXXCompilerABI.cpp.obj -c /opt/clion-2020.1.2/bin/cmake/linux/share/cmake-3.16/Modules/CMakeCXXCompilerABI.cpp]
  ignore line: [Using built-in specs.]
  ignore line: [COLLECT_GCC=/usr/local/bin/arm-none-eabi-g++]
  ignore line: [Target: arm-none-eabi]
  ignore line: [Configured with: /mnt/workspace/workspace/GCC-9-pipeline/jenkins-GCC-9-pipeline-200_20200521_1590053374/src/gcc/configure --target=arm-none-eabi --prefix=/mnt/workspace/workspace/GCC-9-pipeline/jenkins-GCC-9-pipeline-200_20200521_1590053374/install-native --libexecdir=/mnt/workspace/workspace/GCC-9-pipeline/jenkins-GCC-9-pipeline-200_20200521_1590053374/install-native/lib --infodir=/mnt/workspace/workspace/GCC-9-pipeline/jenkins-GCC-9-pipeline-200_20200521_1590053374/install-native/share/doc/gcc-arm-none-eabi/info --mandir=/mnt/workspace/workspace/GCC-9-pipeline/jenkins-GCC-9-pipeline-200_20200521_1590053374/install-native/share/doc/gcc-arm-none-eabi/man --htmldir=/mnt/workspace/workspace/GCC-9-pipeline/jenkins-GCC-9-pipeline-200_20200521_1590053374/install-native/share/doc/gcc-arm-none-eabi/html --pdfdir=/mnt/workspace/workspace/GCC-9-pipeline/jenkins-GCC-9-pipeline-200_20200521_1590053374/install-native/share/doc/gcc-arm-none-eabi/pdf --enable-languages=c,c++ --enable-plugins --disable-decimal-float --disable-libffi --disable-libgomp --disable-libmudflap --disable-libquadmath --disable-libssp --disable-libstdcxx-pch --disable-nls --disable-shared --disable-threads --disable-tls --with-gnu-as --with-gnu-ld --with-newlib --with-headers=yes --with-python-dir=share/gcc-arm-none-eabi --with-sysroot=/mnt/workspace/workspace/GCC-9-pipeline/jenkins-GCC-9-pipeline-200_20200521_1590053374/install-native/arm-none-eabi --build=x86_64-linux-gnu --host=x86_64-linux-gnu --with-gmp=/mnt/workspace/workspace/GCC-9-pipeline/jenkins-GCC-9-pipeline-200_20200521_1590053374/build-native/host-libs/usr --with-mpfr=/mnt/workspace/workspace/GCC-9-pipeline/jenkins-GCC-9-pipeline-200_20200521_1590053374/build-native/host-libs/usr --with-mpc=/mnt/workspace/workspace/GCC-9-pipeline/jenkins-GCC-9-pipeline-200_20200521_1590053374/build-native/host-libs/usr --with-isl=/mnt/workspace/workspace/GCC-9-pipeline/jenkins-GCC-9-pipeline-200_20200521_1590053374/build-native/host-libs/usr --with-libelf=/mnt/workspace/workspace/GCC-9-pipeline/jenkins-GCC-9-pipeline-200_20200521_1590053374/build-native/host-libs/usr --with-host-libstdcxx='-static-libgcc -Wl,-Bstatic,-lstdc++,-Bdynamic -lm' --with-pkgversion='GNU Arm Embedded Toolchain 9-2020-q2-update' --with-multilib-list=rmprofile,aprofile]
  ignore line: [Thread model: single]
  ignore line: [gcc version 9.3.1 20200408 (release) (GNU Arm Embedded Toolchain 9-2020-q2-update) ]
  ignore line: [COLLECT_GCC_OPTIONS='-mcpu=cortex-m3' '-mthumb' '-mthumb-interwork' '-ffunction-sections' '-fdata-sections' '-g' '-fno-common' '-fmessage-length=0' '-std=c++11' '-v' '-o' 'CMakeFiles/cmTC_b5892.dir/CMakeCXXCompilerABI.cpp.obj' '-c' '-mfloat-abi=soft' '-march=armv7-m']
  ignore line: [ /home/alexander/Downloads/Temp/gcc-arm-none-eabi-9-2020-q2-update/bin/../lib/gcc/arm-none-eabi/9.3.1/cc1plus -quiet -v -imultilib thumb/v7-m/nofp -iprefix /home/alexander/Downloads/Temp/gcc-arm-none-eabi-9-2020-q2-update/bin/../lib/gcc/arm-none-eabi/9.3.1/ -isysroot /home/alexander/Downloads/Temp/gcc-arm-none-eabi-9-2020-q2-update/bin/../arm-none-eabi -D__USES_INITFINI__ /opt/clion-2020.1.2/bin/cmake/linux/share/cmake-3.16/Modules/CMakeCXXCompilerABI.cpp -quiet -dumpbase CMakeCXXCompilerABI.cpp -mcpu=cortex-m3 -mthumb -mthumb-interwork -mfloat-abi=soft -march=armv7-m -auxbase-strip CMakeFiles/cmTC_b5892.dir/CMakeCXXCompilerABI.cpp.obj -g -std=c++11 -version -ffunction-sections -fdata-sections -fno-common -fmessage-length=0 -o /tmp/ccygUIut.s]
  ignore line: [GNU C++11 (GNU Arm Embedded Toolchain 9-2020-q2-update) version 9.3.1 20200408 (release) (arm-none-eabi)]
  ignore line: [	compiled by GNU C version 4.8.4  GMP version 6.1.0  MPFR version 3.1.4  MPC version 1.0.3  isl version isl-0.18-GMP]
  ignore line: []
  ignore line: [GGC heuristics: --param ggc-min-expand=100 --param ggc-min-heapsize=131072]
  ignore line: [ignoring duplicate directory "/home/alexander/Downloads/Temp/gcc-arm-none-eabi-9-2020-q2-update/bin/../lib/gcc/../../lib/gcc/arm-none-eabi/9.3.1/../../../../arm-none-eabi/include/c++/9.3.1"]
  ignore line: [ignoring duplicate directory "/home/alexander/Downloads/Temp/gcc-arm-none-eabi-9-2020-q2-update/bin/../lib/gcc/../../lib/gcc/arm-none-eabi/9.3.1/../../../../arm-none-eabi/include/c++/9.3.1/arm-none-eabi/thumb/v7-m/nofp"]
  ignore line: [ignoring duplicate directory "/home/alexander/Downloads/Temp/gcc-arm-none-eabi-9-2020-q2-update/bin/../lib/gcc/../../lib/gcc/arm-none-eabi/9.3.1/../../../../arm-none-eabi/include/c++/9.3.1/backward"]
  ignore line: [ignoring duplicate directory "/home/alexander/Downloads/Temp/gcc-arm-none-eabi-9-2020-q2-update/bin/../lib/gcc/../../lib/gcc/arm-none-eabi/9.3.1/include"]
  ignore line: [ignoring nonexistent directory "/home/alexander/Downloads/Temp/gcc-arm-none-eabi-9-2020-q2-update/bin/../arm-none-eabi/usr/local/include"]
  ignore line: [ignoring duplicate directory "/home/alexander/Downloads/Temp/gcc-arm-none-eabi-9-2020-q2-update/bin/../lib/gcc/../../lib/gcc/arm-none-eabi/9.3.1/include-fixed"]
  ignore line: [ignoring duplicate directory "/home/alexander/Downloads/Temp/gcc-arm-none-eabi-9-2020-q2-update/bin/../lib/gcc/../../lib/gcc/arm-none-eabi/9.3.1/../../../../arm-none-eabi/include"]
  ignore line: [ignoring nonexistent directory "/home/alexander/Downloads/Temp/gcc-arm-none-eabi-9-2020-q2-update/bin/../arm-none-eabi/usr/include"]
  ignore line: [#include "..." search starts here:]
  ignore line: [#include <...> search starts here:]
  ignore line: [ /home/alexander/Downloads/Temp/gcc-arm-none-eabi-9-2020-q2-update/bin/../lib/gcc/arm-none-eabi/9.3.1/../../../../arm-none-eabi/include/c++/9.3.1]
  ignore line: [ /home/alexander/Downloads/Temp/gcc-arm-none-eabi-9-2020-q2-update/bin/../lib/gcc/arm-none-eabi/9.3.1/../../../../arm-none-eabi/include/c++/9.3.1/arm-none-eabi/thumb/v7-m/nofp]
  ignore line: [ /home/alexander/Downloads/Temp/gcc-arm-none-eabi-9-2020-q2-update/bin/../lib/gcc/arm-none-eabi/9.3.1/../../../../arm-none-eabi/include/c++/9.3.1/backward]
  ignore line: [ /home/alexander/Downloads/Temp/gcc-arm-none-eabi-9-2020-q2-update/bin/../lib/gcc/arm-none-eabi/9.3.1/include]
  ignore line: [ /home/alexander/Downloads/Temp/gcc-arm-none-eabi-9-2020-q2-update/bin/../lib/gcc/arm-none-eabi/9.3.1/include-fixed]
  ignore line: [ /home/alexander/Downloads/Temp/gcc-arm-none-eabi-9-2020-q2-update/bin/../lib/gcc/arm-none-eabi/9.3.1/../../../../arm-none-eabi/include]
  ignore line: [End of search list.]
  ignore line: [GNU C++11 (GNU Arm Embedded Toolchain 9-2020-q2-update) version 9.3.1 20200408 (release) (arm-none-eabi)]
  ignore line: [	compiled by GNU C version 4.8.4  GMP version 6.1.0  MPFR version 3.1.4  MPC version 1.0.3  isl version isl-0.18-GMP]
  ignore line: []
  ignore line: [GGC heuristics: --param ggc-min-expand=100 --param ggc-min-heapsize=131072]
  ignore line: [Compiler executable checksum: 3cb932f70daa6671a7d108190c88329f]
  ignore line: [COLLECT_GCC_OPTIONS='-mcpu=cortex-m3' '-mthumb' '-mthumb-interwork' '-ffunction-sections' '-fdata-sections' '-g' '-fno-common' '-fmessage-length=0' '-std=c++11' '-v' '-o' 'CMakeFiles/cmTC_b5892.dir/CMakeCXXCompilerABI.cpp.obj' '-c' '-mfloat-abi=soft' '-march=armv7-m']
  ignore line: [ /home/alexander/Downloads/Temp/gcc-arm-none-eabi-9-2020-q2-update/bin/../lib/gcc/arm-none-eabi/9.3.1/../../../../arm-none-eabi/bin/as -v -march=armv7-m -mthumb-interwork -mfloat-abi=soft -meabi=5 -o CMakeFiles/cmTC_b5892.dir/CMakeCXXCompilerABI.cpp.obj /tmp/ccygUIut.s]
  ignore line: [GNU assembler version 2.34.0 (arm-none-eabi) using BFD version (GNU Arm Embedded Toolchain 9-2020-q2-update) 2.34.0.20200428]
  ignore line: [COMPILER_PATH=/home/alexander/Downloads/Temp/gcc-arm-none-eabi-9-2020-q2-update/bin/../lib/gcc/arm-none-eabi/9.3.1/:/home/alexander/Downloads/Temp/gcc-arm-none-eabi-9-2020-q2-update/bin/../lib/gcc/:/home/alexander/Downloads/Temp/gcc-arm-none-eabi-9-2020-q2-update/bin/../lib/gcc/arm-none-eabi/9.3.1/../../../../arm-none-eabi/bin/]
  ignore line: [LIBRARY_PATH=/home/alexander/Downloads/Temp/gcc-arm-none-eabi-9-2020-q2-update/bin/../lib/gcc/arm-none-eabi/9.3.1/thumb/v7-m/nofp/:/home/alexander/Downloads/Temp/gcc-arm-none-eabi-9-2020-q2-update/bin/../lib/gcc/arm-none-eabi/9.3.1/../../../../arm-none-eabi/lib/thumb/v7-m/nofp/:/home/alexander/Downloads/Temp/gcc-arm-none-eabi-9-2020-q2-update/bin/../arm-none-eabi/lib/thumb/v7-m/nofp/:/home/alexander/Downloads/Temp/gcc-arm-none-eabi-9-2020-q2-update/bin/../lib/gcc/arm-none-eabi/9.3.1/:/home/alexander/Downloads/Temp/gcc-arm-none-eabi-9-2020-q2-update/bin/../lib/gcc/:/home/alexander/Downloads/Temp/gcc-arm-none-eabi-9-2020-q2-update/bin/../lib/gcc/arm-none-eabi/9.3.1/../../../../arm-none-eabi/lib/:/home/alexander/Downloads/Temp/gcc-arm-none-eabi-9-2020-q2-update/bin/../arm-none-eabi/lib/]
  ignore line: [COLLECT_GCC_OPTIONS='-mcpu=cortex-m3' '-mthumb' '-mthumb-interwork' '-ffunction-sections' '-fdata-sections' '-g' '-fno-common' '-fmessage-length=0' '-std=c++11' '-v' '-o' 'CMakeFiles/cmTC_b5892.dir/CMakeCXXCompilerABI.cpp.obj' '-c' '-mfloat-abi=soft' '-march=armv7-m']
  ignore line: [Linking CXX executable cmTC_b5892]
  ignore line: [/opt/clion-2020.1.2/bin/cmake/linux/bin/cmake -E cmake_link_script CMakeFiles/cmTC_b5892.dir/link.txt --verbose=1]
  ignore line: [/usr/local/bin/arm-none-eabi-g++  -mcpu=cortex-m3  -mthumb -mthumb-interwork -ffunction-sections -fdata-sections     -g -fno-common -fmessage-length=0  -std=c++11   -Wl -gc-sections --print-memory-usage -T /home/alexander/Projects/Cpp/mk_ft/STM32F103C8TX_FLASH.ld -v CMakeFiles/cmTC_b5892.dir/CMakeCXXCompilerABI.cpp.obj  -o cmTC_b5892 ]
  ignore line: [Using built-in specs.]
  ignore line: [COLLECT_GCC=/usr/local/bin/arm-none-eabi-g++]
  ignore line: [COLLECT_LTO_WRAPPER=/home/alexander/Downloads/Temp/gcc-arm-none-eabi-9-2020-q2-update/bin/../lib/gcc/arm-none-eabi/9.3.1/lto-wrapper]
  ignore line: [Target: arm-none-eabi]
  ignore line: [Configured with: /mnt/workspace/workspace/GCC-9-pipeline/jenkins-GCC-9-pipeline-200_20200521_1590053374/src/gcc/configure --target=arm-none-eabi --prefix=/mnt/workspace/workspace/GCC-9-pipeline/jenkins-GCC-9-pipeline-200_20200521_1590053374/install-native --libexecdir=/mnt/workspace/workspace/GCC-9-pipeline/jenkins-GCC-9-pipeline-200_20200521_1590053374/install-native/lib --infodir=/mnt/workspace/workspace/GCC-9-pipeline/jenkins-GCC-9-pipeline-200_20200521_1590053374/install-native/share/doc/gcc-arm-none-eabi/info --mandir=/mnt/workspace/workspace/GCC-9-pipeline/jenkins-GCC-9-pipeline-200_20200521_1590053374/install-native/share/doc/gcc-arm-none-eabi/man --htmldir=/mnt/workspace/workspace/GCC-9-pipeline/jenkins-GCC-9-pipeline-200_20200521_1590053374/install-native/share/doc/gcc-arm-none-eabi/html --pdfdir=/mnt/workspace/workspace/GCC-9-pipeline/jenkins-GCC-9-pipeline-200_20200521_1590053374/install-native/share/doc/gcc-arm-none-eabi/pdf --enable-languages=c,c++ --enable-plugins --disable-decimal-float --disable-libffi --disable-libgomp --disable-libmudflap --disable-libquadmath --disable-libssp --disable-libstdcxx-pch --disable-nls --disable-shared --disable-threads --disable-tls --with-gnu-as --with-gnu-ld --with-newlib --with-headers=yes --with-python-dir=share/gcc-arm-none-eabi --with-sysroot=/mnt/workspace/workspace/GCC-9-pipeline/jenkins-GCC-9-pipeline-200_20200521_1590053374/install-native/arm-none-eabi --build=x86_64-linux-gnu --host=x86_64-linux-gnu --with-gmp=/mnt/workspace/workspace/GCC-9-pipeline/jenkins-GCC-9-pipeline-200_20200521_1590053374/build-native/host-libs/usr --with-mpfr=/mnt/workspace/workspace/GCC-9-pipeline/jenkins-GCC-9-pipeline-200_20200521_1590053374/build-native/host-libs/usr --with-mpc=/mnt/workspace/workspace/GCC-9-pipeline/jenkins-GCC-9-pipeline-200_20200521_1590053374/build-native/host-libs/usr --with-isl=/mnt/workspace/workspace/GCC-9-pipeline/jenkins-GCC-9-pipeline-200_20200521_1590053374/build-native/host-libs/usr --with-libelf=/mnt/workspace/workspace/GCC-9-pipeline/jenkins-GCC-9-pipeline-200_20200521_1590053374/build-native/host-libs/usr --with-host-libstdcxx='-static-libgcc -Wl,-Bstatic,-lstdc++,-Bdynamic -lm' --with-pkgversion='GNU Arm Embedded Toolchain 9-2020-q2-update' --with-multilib-list=rmprofile,aprofile]
  ignore line: [Thread model: single]
  ignore line: [gcc version 9.3.1 20200408 (release) (GNU Arm Embedded Toolchain 9-2020-q2-update) ]
  ignore line: [COMPILER_PATH=/home/alexander/Downloads/Temp/gcc-arm-none-eabi-9-2020-q2-update/bin/../lib/gcc/arm-none-eabi/9.3.1/:/home/alexander/Downloads/Temp/gcc-arm-none-eabi-9-2020-q2-update/bin/../lib/gcc/:/home/alexander/Downloads/Temp/gcc-arm-none-eabi-9-2020-q2-update/bin/../lib/gcc/arm-none-eabi/9.3.1/../../../../arm-none-eabi/bin/]
  ignore line: [LIBRARY_PATH=/home/alexander/Downloads/Temp/gcc-arm-none-eabi-9-2020-q2-update/bin/../lib/gcc/arm-none-eabi/9.3.1/thumb/v7-m/nofp/:/home/alexander/Downloads/Temp/gcc-arm-none-eabi-9-2020-q2-update/bin/../lib/gcc/arm-none-eabi/9.3.1/../../../../arm-none-eabi/lib/thumb/v7-m/nofp/:/home/alexander/Downloads/Temp/gcc-arm-none-eabi-9-2020-q2-update/bin/../arm-none-eabi/lib/thumb/v7-m/nofp/:/home/alexander/Downloads/Temp/gcc-arm-none-eabi-9-2020-q2-update/bin/../lib/gcc/arm-none-eabi/9.3.1/:/home/alexander/Downloads/Temp/gcc-arm-none-eabi-9-2020-q2-update/bin/../lib/gcc/:/home/alexander/Downloads/Temp/gcc-arm-none-eabi-9-2020-q2-update/bin/../lib/gcc/arm-none-eabi/9.3.1/../../../../arm-none-eabi/lib/:/home/alexander/Downloads/Temp/gcc-arm-none-eabi-9-2020-q2-update/bin/../arm-none-eabi/lib/]
  ignore line: [COLLECT_GCC_OPTIONS='-mcpu=cortex-m3' '-mthumb' '-mthumb-interwork' '-ffunction-sections' '-fdata-sections' '-g' '-fno-common' '-fmessage-length=0' '-std=c++11' '-T' '/home/alexander/Projects/Cpp/mk_ft/STM32F103C8TX_FLASH.ld' '-v' '-o' 'cmTC_b5892' '-mfloat-abi=soft' '-march=armv7-m']
  link line: [ /home/alexander/Downloads/Temp/gcc-arm-none-eabi-9-2020-q2-update/bin/../lib/gcc/arm-none-eabi/9.3.1/collect2 -plugin /home/alexander/Downloads/Temp/gcc-arm-none-eabi-9-2020-q2-update/bin/../lib/gcc/arm-none-eabi/9.3.1/liblto_plugin.so -plugin-opt=/home/alexander/Downloads/Temp/gcc-arm-none-eabi-9-2020-q2-update/bin/../lib/gcc/arm-none-eabi/9.3.1/lto-wrapper -plugin-opt=-fresolution=/tmp/cc9BBU4p.res -plugin-opt=-pass-through=-lgcc -plugin-opt=-pass-through=-lg -plugin-opt=-pass-through=-lc --sysroot=/home/alexander/Downloads/Temp/gcc-arm-none-eabi-9-2020-q2-update/bin/../arm-none-eabi -X -o cmTC_b5892 /home/alexander/Downloads/Temp/gcc-arm-none-eabi-9-2020-q2-update/bin/../lib/gcc/arm-none-eabi/9.3.1/thumb/v7-m/nofp/crti.o /home/alexander/Downloads/Temp/gcc-arm-none-eabi-9-2020-q2-update/bin/../lib/gcc/arm-none-eabi/9.3.1/thumb/v7-m/nofp/crtbegin.o /home/alexander/Downloads/Temp/gcc-arm-none-eabi-9-2020-q2-update/bin/../lib/gcc/arm-none-eabi/9.3.1/../../../../arm-none-eabi/lib/thumb/v7-m/nofp/crt0.o -L/home/alexander/Downloads/Temp/gcc-arm-none-eabi-9-2020-q2-update/bin/../lib/gcc/arm-none-eabi/9.3.1/thumb/v7-m/nofp -L/home/alexander/Downloads/Temp/gcc-arm-none-eabi-9-2020-q2-update/bin/../lib/gcc/arm-none-eabi/9.3.1/../../../../arm-none-eabi/lib/thumb/v7-m/nofp -L/home/alexander/Downloads/Temp/gcc-arm-none-eabi-9-2020-q2-update/bin/../arm-none-eabi/lib/thumb/v7-m/nofp -L/home/alexander/Downloads/Temp/gcc-arm-none-eabi-9-2020-q2-update/bin/../lib/gcc/arm-none-eabi/9.3.1 -L/home/alexander/Downloads/Temp/gcc-arm-none-eabi-9-2020-q2-update/bin/../lib/gcc -L/home/alexander/Downloads/Temp/gcc-arm-none-eabi-9-2020-q2-update/bin/../lib/gcc/arm-none-eabi/9.3.1/../../../../arm-none-eabi/lib -L/home/alexander/Downloads/Temp/gcc-arm-none-eabi-9-2020-q2-update/bin/../arm-none-eabi/lib -gc-sections --print-memory-usage CMakeFiles/cmTC_b5892.dir/CMakeCXXCompilerABI.cpp.obj -lstdc++ -lm --start-group -lgcc -lg -lc --end-group /home/alexander/Downloads/Temp/gcc-arm-none-eabi-9-2020-q2-update/bin/../lib/gcc/arm-none-eabi/9.3.1/thumb/v7-m/nofp/crtend.o /home/alexander/Downloads/Temp/gcc-arm-none-eabi-9-2020-q2-update/bin/../lib/gcc/arm-none-eabi/9.3.1/thumb/v7-m/nofp/crtn.o -T /home/alexander/Projects/Cpp/mk_ft/STM32F103C8TX_FLASH.ld]
    arg [/home/alexander/Downloads/Temp/gcc-arm-none-eabi-9-2020-q2-update/bin/../lib/gcc/arm-none-eabi/9.3.1/collect2] ==> ignore
    arg [-plugin] ==> ignore
    arg [/home/alexander/Downloads/Temp/gcc-arm-none-eabi-9-2020-q2-update/bin/../lib/gcc/arm-none-eabi/9.3.1/liblto_plugin.so] ==> ignore
    arg [-plugin-opt=/home/alexander/Downloads/Temp/gcc-arm-none-eabi-9-2020-q2-update/bin/../lib/gcc/arm-none-eabi/9.3.1/lto-wrapper] ==> ignore
    arg [-plugin-opt=-fresolution=/tmp/cc9BBU4p.res] ==> ignore
    arg [-plugin-opt=-pass-through=-lgcc] ==> ignore
    arg [-plugin-opt=-pass-through=-lg] ==> ignore
    arg [-plugin-opt=-pass-through=-lc] ==> ignore
    arg [--sysroot=/home/alexander/Downloads/Temp/gcc-arm-none-eabi-9-2020-q2-update/bin/../arm-none-eabi] ==> ignore
    arg [-X] ==> ignore
    arg [-o] ==> ignore
    arg [cmTC_b5892] ==> ignore
    arg [/home/alexander/Downloads/Temp/gcc-arm-none-eabi-9-2020-q2-update/bin/../lib/gcc/arm-none-eabi/9.3.1/thumb/v7-m/nofp/crti.o] ==> ignore
    arg [/home/alexander/Downloads/Temp/gcc-arm-none-eabi-9-2020-q2-update/bin/../lib/gcc/arm-none-eabi/9.3.1/thumb/v7-m/nofp/crtbegin.o] ==> ignore
    arg [/home/alexander/Downloads/Temp/gcc-arm-none-eabi-9-2020-q2-update/bin/../lib/gcc/arm-none-eabi/9.3.1/../../../../arm-none-eabi/lib/thumb/v7-m/nofp/crt0.o] ==> ignore
    arg [-L/home/alexander/Downloads/Temp/gcc-arm-none-eabi-9-2020-q2-update/bin/../lib/gcc/arm-none-eabi/9.3.1/thumb/v7-m/nofp] ==> dir [/home/alexander/Downloads/Temp/gcc-arm-none-eabi-9-2020-q2-update/bin/../lib/gcc/arm-none-eabi/9.3.1/thumb/v7-m/nofp]
    arg [-L/home/alexander/Downloads/Temp/gcc-arm-none-eabi-9-2020-q2-update/bin/../lib/gcc/arm-none-eabi/9.3.1/../../../../arm-none-eabi/lib/thumb/v7-m/nofp] ==> dir [/home/alexander/Downloads/Temp/gcc-arm-none-eabi-9-2020-q2-update/bin/../lib/gcc/arm-none-eabi/9.3.1/../../../../arm-none-eabi/lib/thumb/v7-m/nofp]
    arg [-L/home/alexander/Downloads/Temp/gcc-arm-none-eabi-9-2020-q2-update/bin/../arm-none-eabi/lib/thumb/v7-m/nofp] ==> dir [/home/alexander/Downloads/Temp/gcc-arm-none-eabi-9-2020-q2-update/bin/../arm-none-eabi/lib/thumb/v7-m/nofp]
    arg [-L/home/alexander/Downloads/Temp/gcc-arm-none-eabi-9-2020-q2-update/bin/../lib/gcc/arm-none-eabi/9.3.1] ==> dir [/home/alexander/Downloads/Temp/gcc-arm-none-eabi-9-2020-q2-update/bin/../lib/gcc/arm-none-eabi/9.3.1]
    arg [-L/home/alexander/Downloads/Temp/gcc-arm-none-eabi-9-2020-q2-update/bin/../lib/gcc] ==> dir [/home/alexander/Downloads/Temp/gcc-arm-none-eabi-9-2020-q2-update/bin/../lib/gcc]
    arg [-L/home/alexander/Downloads/Temp/gcc-arm-none-eabi-9-2020-q2-update/bin/../lib/gcc/arm-none-eabi/9.3.1/../../../../arm-none-eabi/lib] ==> dir [/home/alexander/Downloads/Temp/gcc-arm-none-eabi-9-2020-q2-update/bin/../lib/gcc/arm-none-eabi/9.3.1/../../../../arm-none-eabi/lib]
    arg [-L/home/alexander/Downloads/Temp/gcc-arm-none-eabi-9-2020-q2-update/bin/../arm-none-eabi/lib] ==> dir [/home/alexander/Downloads/Temp/gcc-arm-none-eabi-9-2020-q2-update/bin/../arm-none-eabi/lib]
    arg [-gc-sections] ==> ignore
    arg [--print-memory-usage] ==> ignore
    arg [CMakeFiles/cmTC_b5892.dir/CMakeCXXCompilerABI.cpp.obj] ==> ignore
    arg [-lstdc++] ==> lib [stdc++]
    arg [-lm] ==> lib [m]
    arg [--start-group] ==> ignore
    arg [-lgcc] ==> lib [gcc]
    arg [-lg] ==> lib [g]
    arg [-lc] ==> lib [c]
    arg [--end-group] ==> ignore
    arg [/home/alexander/Downloads/Temp/gcc-arm-none-eabi-9-2020-q2-update/bin/../lib/gcc/arm-none-eabi/9.3.1/thumb/v7-m/nofp/crtend.o] ==> ignore
    arg [/home/alexander/Downloads/Temp/gcc-arm-none-eabi-9-2020-q2-update/bin/../lib/gcc/arm-none-eabi/9.3.1/thumb/v7-m/nofp/crtn.o] ==> ignore
    arg [-T] ==> ignore
    arg [/home/alexander/Projects/Cpp/mk_ft/STM32F103C8TX_FLASH.ld] ==> ignore
  collapse library dir [/home/alexander/Downloads/Temp/gcc-arm-none-eabi-9-2020-q2-update/bin/../lib/gcc/arm-none-eabi/9.3.1/thumb/v7-m/nofp] ==> [/home/alexander/Downloads/Temp/gcc-arm-none-eabi-9-2020-q2-update/lib/gcc/arm-none-eabi/9.3.1/thumb/v7-m/nofp]
  collapse library dir [/home/alexander/Downloads/Temp/gcc-arm-none-eabi-9-2020-q2-update/bin/../lib/gcc/arm-none-eabi/9.3.1/../../../../arm-none-eabi/lib/thumb/v7-m/nofp] ==> [/home/alexander/Downloads/Temp/gcc-arm-none-eabi-9-2020-q2-update/arm-none-eabi/lib/thumb/v7-m/nofp]
  collapse library dir [/home/alexander/Downloads/Temp/gcc-arm-none-eabi-9-2020-q2-update/bin/../arm-none-eabi/lib/thumb/v7-m/nofp] ==> [/home/alexander/Downloads/Temp/gcc-arm-none-eabi-9-2020-q2-update/arm-none-eabi/lib/thumb/v7-m/nofp]
  collapse library dir [/home/alexander/Downloads/Temp/gcc-arm-none-eabi-9-2020-q2-update/bin/../lib/gcc/arm-none-eabi/9.3.1] ==> [/home/alexander/Downloads/Temp/gcc-arm-none-eabi-9-2020-q2-update/lib/gcc/arm-none-eabi/9.3.1]
  collapse library dir [/home/alexander/Downloads/Temp/gcc-arm-none-eabi-9-2020-q2-update/bin/../lib/gcc] ==> [/home/alexander/Downloads/Temp/gcc-arm-none-eabi-9-2020-q2-update/lib/gcc]
  collapse library dir [/home/alexander/Downloads/Temp/gcc-arm-none-eabi-9-2020-q2-update/bin/../lib/gcc/arm-none-eabi/9.3.1/../../../../arm-none-eabi/lib] ==> [/home/alexander/Downloads/Temp/gcc-arm-none-eabi-9-2020-q2-update/arm-none-eabi/lib]
  collapse library dir [/home/alexander/Downloads/Temp/gcc-arm-none-eabi-9-2020-q2-update/bin/../arm-none-eabi/lib] ==> [/home/alexander/Downloads/Temp/gcc-arm-none-eabi-9-2020-q2-update/arm-none-eabi/lib]
  implicit libs: [stdc++;m;gcc;g;c]
  implicit dirs: [/home/alexander/Downloads/Temp/gcc-arm-none-eabi-9-2020-q2-update/lib/gcc/arm-none-eabi/9.3.1/thumb/v7-m/nofp;/home/alexander/Downloads/Temp/gcc-arm-none-eabi-9-2020-q2-update/arm-none-eabi/lib/thumb/v7-m/nofp;/home/alexander/Downloads/Temp/gcc-arm-none-eabi-9-2020-q2-update/lib/gcc/arm-none-eabi/9.3.1;/home/alexander/Downloads/Temp/gcc-arm-none-eabi-9-2020-q2-update/lib/gcc;/home/alexander/Downloads/Temp/gcc-arm-none-eabi-9-2020-q2-update/arm-none-eabi/lib]
  implicit fwks: []


